[0.062s] Invoking command in '/home/fadri/code/ros2/arduino-bot/arduinobot_ws/src/build/arduinobot_description': CMAKE_PREFIX_PATH=/opt/ros/iron /usr/bin/cmake /home/fadri/code/ros2/arduino-bot/arduinobot_ws/src/arduinobot_description -DCMAKE_INSTALL_PREFIX=/home/fadri/code/ros2/arduino-bot/arduinobot_ws/src/install/arduinobot_description
[0.123s] -- The C compiler identification is GNU 11.4.0
[0.178s] -- The CXX compiler identification is GNU 11.4.0
[0.186s] -- Detecting C compiler ABI info
[0.238s] -- Detecting C compiler ABI info - done
[0.248s] -- Check for working C compiler: /usr/bin/cc - skipped
[0.248s] -- Detecting C compile features
[0.249s] -- Detecting C compile features - done
[0.253s] -- Detecting CXX compiler ABI info
[0.333s] -- Detecting CXX compiler ABI info - done
[0.341s] -- Check for working CXX compiler: /usr/bin/c++ - skipped
[0.341s] -- Detecting CXX compile features
[0.341s] -- Detecting CXX compile features - done
[0.343s] -- Found ament_cmake: 2.0.3 (/opt/ros/iron/share/ament_cmake/cmake)
[0.489s] -- Found Python3: /usr/bin/python3.10 (found version "3.10.12") found components: Interpreter 
[0.602s] -- Found urdf: 2.8.2 (/opt/ros/iron/share/urdf/cmake)
[0.664s] -- Found ament_lint_auto: 0.14.2 (/opt/ros/iron/share/ament_lint_auto/cmake)
[0.730s] -- Added test 'flake8' to check Python code syntax and style conventions
[0.730s] -- Configured 'flake8' exclude dirs and/or files: 
[0.730s] -- Added test 'lint_cmake' to check CMake code style
[0.731s] -- Added test 'pep257' to check Python code against some of the docstring style conventions in PEP 257
[0.733s] -- Added test 'xmllint' to check XML markup files
[0.733s] -- Configuring done
[0.736s] -- Generating done
[0.737s] -- Build files have been written to: /home/fadri/code/ros2/arduino-bot/arduinobot_ws/src/build/arduinobot_description
[0.751s] Invoked command in '/home/fadri/code/ros2/arduino-bot/arduinobot_ws/src/build/arduinobot_description' returned '0': CMAKE_PREFIX_PATH=/opt/ros/iron /usr/bin/cmake /home/fadri/code/ros2/arduino-bot/arduinobot_ws/src/arduinobot_description -DCMAKE_INSTALL_PREFIX=/home/fadri/code/ros2/arduino-bot/arduinobot_ws/src/install/arduinobot_description
[0.752s] Invoking command in '/home/fadri/code/ros2/arduino-bot/arduinobot_ws/src/build/arduinobot_description': CMAKE_PREFIX_PATH=/opt/ros/iron /usr/bin/cmake --build /home/fadri/code/ros2/arduino-bot/arduinobot_ws/src/build/arduinobot_description -- -j12 -l12
[0.850s] Invoked command in '/home/fadri/code/ros2/arduino-bot/arduinobot_ws/src/build/arduinobot_description' returned '0': CMAKE_PREFIX_PATH=/opt/ros/iron /usr/bin/cmake --build /home/fadri/code/ros2/arduino-bot/arduinobot_ws/src/build/arduinobot_description -- -j12 -l12
[0.935s] Invoking command in '/home/fadri/code/ros2/arduino-bot/arduinobot_ws/src/build/arduinobot_description': CMAKE_PREFIX_PATH=/opt/ros/iron /usr/bin/cmake --install /home/fadri/code/ros2/arduino-bot/arduinobot_ws/src/build/arduinobot_description
[0.939s] -- Install configuration: ""
[0.939s] -- Installing: /home/fadri/code/ros2/arduino-bot/arduinobot_ws/src/install/arduinobot_description/share/arduinobot_description/meshes
[0.939s] -- Installing: /home/fadri/code/ros2/arduino-bot/arduinobot_ws/src/install/arduinobot_description/share/arduinobot_description/meshes/vertical_drive_arm.STL
[0.941s] -- Installing: /home/fadri/code/ros2/arduino-bot/arduinobot_ws/src/install/arduinobot_description/share/arduinobot_description/meshes/forward_drive_arm.STL
[0.944s] -- Installing: /home/fadri/code/ros2/arduino-bot/arduinobot_ws/src/install/arduinobot_description/share/arduinobot_description/meshes/left_finger.STL
[0.944s] -- Installing: /home/fadri/code/ros2/arduino-bot/arduinobot_ws/src/install/arduinobot_description/share/arduinobot_description/meshes/servo_plate.STL
[0.945s] -- Installing: /home/fadri/code/ros2/arduino-bot/arduinobot_ws/src/install/arduinobot_description/share/arduinobot_description/meshes/right_finger.STL
[0.946s] -- Installing: /home/fadri/code/ros2/arduino-bot/arduinobot_ws/src/install/arduinobot_description/share/arduinobot_description/meshes/base_plate.STL
[0.950s] -- Installing: /home/fadri/code/ros2/arduino-bot/arduinobot_ws/src/install/arduinobot_description/share/arduinobot_description/meshes/basement.STL
[0.952s] -- Installing: /home/fadri/code/ros2/arduino-bot/arduinobot_ws/src/install/arduinobot_description/share/arduinobot_description/meshes/link.STL
[0.953s] -- Installing: /home/fadri/code/ros2/arduino-bot/arduinobot_ws/src/install/arduinobot_description/share/arduinobot_description/meshes/triangular_link.STL
[0.955s] -- Installing: /home/fadri/code/ros2/arduino-bot/arduinobot_ws/src/install/arduinobot_description/share/arduinobot_description/meshes/plate.STL
[0.959s] -- Installing: /home/fadri/code/ros2/arduino-bot/arduinobot_ws/src/install/arduinobot_description/share/arduinobot_description/meshes/pi_camera.STL
[0.959s] -- Installing: /home/fadri/code/ros2/arduino-bot/arduinobot_ws/src/install/arduinobot_description/share/arduinobot_description/meshes/claw_support.STL
[0.960s] -- Installing: /home/fadri/code/ros2/arduino-bot/arduinobot_ws/src/install/arduinobot_description/share/arduinobot_description/meshes/round_plate.STL
[0.962s] -- Installing: /home/fadri/code/ros2/arduino-bot/arduinobot_ws/src/install/arduinobot_description/share/arduinobot_description/meshes/horizontal_arm.STL
[0.965s] -- Installing: /home/fadri/code/ros2/arduino-bot/arduinobot_ws/src/install/arduinobot_description/share/arduinobot_description/urdf
[0.965s] -- Installing: /home/fadri/code/ros2/arduino-bot/arduinobot_ws/src/install/arduinobot_description/share/arduinobot_description/urdf/arduinobot_ros2_control.xacro
[0.965s] -- Installing: /home/fadri/code/ros2/arduino-bot/arduinobot_ws/src/install/arduinobot_description/share/arduinobot_description/urdf/arduinobot_gazebo.xacro
[0.965s] -- Installing: /home/fadri/code/ros2/arduino-bot/arduinobot_ws/src/install/arduinobot_description/share/arduinobot_description/urdf/arduinobot.urdf.xacro
[0.965s] -- Installing: /home/fadri/code/ros2/arduino-bot/arduinobot_ws/src/install/arduinobot_description/share/arduinobot_description/launch
[0.966s] -- Installing: /home/fadri/code/ros2/arduino-bot/arduinobot_ws/src/install/arduinobot_description/share/arduinobot_description/launch/gazebo.launch.py
[0.966s] -- Installing: /home/fadri/code/ros2/arduino-bot/arduinobot_ws/src/install/arduinobot_description/share/arduinobot_description/launch/display.launch.py
[0.966s] -- Installing: /home/fadri/code/ros2/arduino-bot/arduinobot_ws/src/install/arduinobot_description/share/arduinobot_description/rviz
[0.966s] -- Installing: /home/fadri/code/ros2/arduino-bot/arduinobot_ws/src/install/arduinobot_description/share/arduinobot_description/rviz/display.rviz
[0.966s] -- Installing: /home/fadri/code/ros2/arduino-bot/arduinobot_ws/src/install/arduinobot_description/share/ament_index/resource_index/package_run_dependencies/arduinobot_description
[0.966s] -- Installing: /home/fadri/code/ros2/arduino-bot/arduinobot_ws/src/install/arduinobot_description/share/ament_index/resource_index/parent_prefix_path/arduinobot_description
[0.966s] -- Installing: /home/fadri/code/ros2/arduino-bot/arduinobot_ws/src/install/arduinobot_description/share/arduinobot_description/environment/ament_prefix_path.sh
[0.966s] -- Installing: /home/fadri/code/ros2/arduino-bot/arduinobot_ws/src/install/arduinobot_description/share/arduinobot_description/environment/ament_prefix_path.dsv
[0.966s] -- Installing: /home/fadri/code/ros2/arduino-bot/arduinobot_ws/src/install/arduinobot_description/share/arduinobot_description/environment/path.sh
[0.966s] -- Installing: /home/fadri/code/ros2/arduino-bot/arduinobot_ws/src/install/arduinobot_description/share/arduinobot_description/environment/path.dsv
[0.967s] -- Installing: /home/fadri/code/ros2/arduino-bot/arduinobot_ws/src/install/arduinobot_description/share/arduinobot_description/local_setup.bash
[0.967s] -- Installing: /home/fadri/code/ros2/arduino-bot/arduinobot_ws/src/install/arduinobot_description/share/arduinobot_description/local_setup.sh
[0.967s] -- Installing: /home/fadri/code/ros2/arduino-bot/arduinobot_ws/src/install/arduinobot_description/share/arduinobot_description/local_setup.zsh
[0.967s] -- Installing: /home/fadri/code/ros2/arduino-bot/arduinobot_ws/src/install/arduinobot_description/share/arduinobot_description/local_setup.dsv
[0.967s] -- Installing: /home/fadri/code/ros2/arduino-bot/arduinobot_ws/src/install/arduinobot_description/share/arduinobot_description/package.dsv
[0.967s] -- Installing: /home/fadri/code/ros2/arduino-bot/arduinobot_ws/src/install/arduinobot_description/share/ament_index/resource_index/packages/arduinobot_description
[0.967s] -- Installing: /home/fadri/code/ros2/arduino-bot/arduinobot_ws/src/install/arduinobot_description/share/arduinobot_description/cmake/arduinobot_descriptionConfig.cmake
[0.967s] -- Installing: /home/fadri/code/ros2/arduino-bot/arduinobot_ws/src/install/arduinobot_description/share/arduinobot_description/cmake/arduinobot_descriptionConfig-version.cmake
[0.967s] -- Installing: /home/fadri/code/ros2/arduino-bot/arduinobot_ws/src/install/arduinobot_description/share/arduinobot_description/package.xml
[0.969s] Invoked command in '/home/fadri/code/ros2/arduino-bot/arduinobot_ws/src/build/arduinobot_description' returned '0': CMAKE_PREFIX_PATH=/opt/ros/iron /usr/bin/cmake --install /home/fadri/code/ros2/arduino-bot/arduinobot_ws/src/build/arduinobot_description
