[0.083s] Invoking command in '/home/fadri/code/ros2/arduino-bot/arduinobot_ws/src/build/arduinobot_controller': CMAKE_PREFIX_PATH=/opt/ros/iron /usr/bin/cmake /home/fadri/code/ros2/arduino-bot/arduinobot_ws/src/arduinobot_controller -DCMAKE_INSTALL_PREFIX=/home/fadri/code/ros2/arduino-bot/arduinobot_ws/src/install/arduinobot_controller
[0.149s] -- The C compiler identification is GNU 11.4.0
[0.214s] -- The CXX compiler identification is GNU 11.4.0
[0.222s] -- Detecting C compiler ABI info
[0.288s] -- Detecting C compiler ABI info - done
[0.298s] -- Check for working C compiler: /usr/bin/cc - skipped
[0.298s] -- Detecting C compile features
[0.298s] -- Detecting C compile features - done
[0.303s] -- Detecting CXX compiler ABI info
[0.360s] -- Detecting CXX compiler ABI info - done
[0.370s] -- Check for working CXX compiler: /usr/bin/c++ - skipped
[0.371s] -- Detecting CXX compile features
[0.371s] -- Detecting CXX compile features - done
[0.374s] -- Found ament_cmake: 2.0.3 (/opt/ros/iron/share/ament_cmake/cmake)
[0.539s] -- Found Python3: /usr/bin/python3.10 (found version "3.10.12") found components: Interpreter 
[0.625s] -- Found ament_lint_auto: 0.14.2 (/opt/ros/iron/share/ament_lint_auto/cmake)
[0.704s] -- Added test 'flake8' to check Python code syntax and style conventions
[0.704s] -- Configured 'flake8' exclude dirs and/or files: 
[0.705s] -- Added test 'lint_cmake' to check CMake code style
[0.705s] -- Added test 'pep257' to check Python code against some of the docstring style conventions in PEP 257
[0.707s] -- Added test 'xmllint' to check XML markup files
[0.708s] -- Configuring done
[0.712s] -- Generating done
[0.713s] -- Build files have been written to: /home/fadri/code/ros2/arduino-bot/arduinobot_ws/src/build/arduinobot_controller
[0.719s] Invoked command in '/home/fadri/code/ros2/arduino-bot/arduinobot_ws/src/build/arduinobot_controller' returned '0': CMAKE_PREFIX_PATH=/opt/ros/iron /usr/bin/cmake /home/fadri/code/ros2/arduino-bot/arduinobot_ws/src/arduinobot_controller -DCMAKE_INSTALL_PREFIX=/home/fadri/code/ros2/arduino-bot/arduinobot_ws/src/install/arduinobot_controller
[0.721s] Invoking command in '/home/fadri/code/ros2/arduino-bot/arduinobot_ws/src/build/arduinobot_controller': CMAKE_PREFIX_PATH=/opt/ros/iron /usr/bin/cmake --build /home/fadri/code/ros2/arduino-bot/arduinobot_ws/src/build/arduinobot_controller -- -j12 -l12
[0.759s] Invoked command in '/home/fadri/code/ros2/arduino-bot/arduinobot_ws/src/build/arduinobot_controller' returned '0': CMAKE_PREFIX_PATH=/opt/ros/iron /usr/bin/cmake --build /home/fadri/code/ros2/arduino-bot/arduinobot_ws/src/build/arduinobot_controller -- -j12 -l12
[0.778s] Invoking command in '/home/fadri/code/ros2/arduino-bot/arduinobot_ws/src/build/arduinobot_controller': CMAKE_PREFIX_PATH=/opt/ros/iron /usr/bin/cmake --install /home/fadri/code/ros2/arduino-bot/arduinobot_ws/src/build/arduinobot_controller
[0.786s] -- Install configuration: ""
[0.786s] -- Installing: /home/fadri/code/ros2/arduino-bot/arduinobot_ws/src/install/arduinobot_controller/share/arduinobot_controller/config
[0.787s] -- Installing: /home/fadri/code/ros2/arduino-bot/arduinobot_ws/src/install/arduinobot_controller/share/arduinobot_controller/config/arduinobot_controllers.yaml
[0.787s] -- Installing: /home/fadri/code/ros2/arduino-bot/arduinobot_ws/src/install/arduinobot_controller/share/arduinobot_controller/launch
[0.787s] -- Installing: /home/fadri/code/ros2/arduino-bot/arduinobot_ws/src/install/arduinobot_controller/share/arduinobot_controller/launch/controller.launch.py
[0.787s] -- Installing: /home/fadri/code/ros2/arduino-bot/arduinobot_ws/src/install/arduinobot_controller/share/ament_index/resource_index/package_run_dependencies/arduinobot_controller
[0.787s] -- Installing: /home/fadri/code/ros2/arduino-bot/arduinobot_ws/src/install/arduinobot_controller/share/ament_index/resource_index/parent_prefix_path/arduinobot_controller
[0.787s] -- Installing: /home/fadri/code/ros2/arduino-bot/arduinobot_ws/src/install/arduinobot_controller/share/arduinobot_controller/environment/ament_prefix_path.sh
[0.788s] -- Installing: /home/fadri/code/ros2/arduino-bot/arduinobot_ws/src/install/arduinobot_controller/share/arduinobot_controller/environment/ament_prefix_path.dsv
[0.789s] -- Installing: /home/fadri/code/ros2/arduino-bot/arduinobot_ws/src/install/arduinobot_controller/share/arduinobot_controller/environment/path.sh
[0.789s] -- Installing: /home/fadri/code/ros2/arduino-bot/arduinobot_ws/src/install/arduinobot_controller/share/arduinobot_controller/environment/path.dsv
[0.789s] -- Installing: /home/fadri/code/ros2/arduino-bot/arduinobot_ws/src/install/arduinobot_controller/share/arduinobot_controller/local_setup.bash
[0.790s] -- Installing: /home/fadri/code/ros2/arduino-bot/arduinobot_ws/src/install/arduinobot_controller/share/arduinobot_controller/local_setup.sh
[0.790s] -- Installing: /home/fadri/code/ros2/arduino-bot/arduinobot_ws/src/install/arduinobot_controller/share/arduinobot_controller/local_setup.zsh
[0.790s] -- Installing: /home/fadri/code/ros2/arduino-bot/arduinobot_ws/src/install/arduinobot_controller/share/arduinobot_controller/local_setup.dsv
[0.790s] -- Installing: /home/fadri/code/ros2/arduino-bot/arduinobot_ws/src/install/arduinobot_controller/share/arduinobot_controller/package.dsv
[0.790s] -- Installing: /home/fadri/code/ros2/arduino-bot/arduinobot_ws/src/install/arduinobot_controller/share/ament_index/resource_index/packages/arduinobot_controller
[0.790s] -- Installing: /home/fadri/code/ros2/arduino-bot/arduinobot_ws/src/install/arduinobot_controller/share/arduinobot_controller/cmake/arduinobot_controllerConfig.cmake
[0.791s] -- Installing: /home/fadri/code/ros2/arduino-bot/arduinobot_ws/src/install/arduinobot_controller/share/arduinobot_controller/cmake/arduinobot_controllerConfig-version.cmake
[0.791s] -- Installing: /home/fadri/code/ros2/arduino-bot/arduinobot_ws/src/install/arduinobot_controller/share/arduinobot_controller/package.xml
[0.843s] Invoked command in '/home/fadri/code/ros2/arduino-bot/arduinobot_ws/src/build/arduinobot_controller' returned '0': CMAKE_PREFIX_PATH=/opt/ros/iron /usr/bin/cmake --install /home/fadri/code/ros2/arduino-bot/arduinobot_ws/src/build/arduinobot_controller
