[0.483s] DEBUG:colcon:Command line arguments: ['/usr/bin/colcon', 'build']
[0.483s] DEBUG:colcon:Parsed command line arguments: Namespace(log_base=None, log_level=None, verb_name='build', build_base='build', install_base='install', merge_install=False, symlink_install=False, test_result_base=None, continue_on_error=False, executor='parallel', parallel_workers=12, event_handlers=None, ignore_user_meta=False, metas=['./colcon.meta'], base_paths=['.'], packages_ignore=None, packages_ignore_regex=None, paths=None, packages_up_to=None, packages_up_to_regex=None, packages_above=None, packages_above_and_dependencies=None, packages_above_depth=None, packages_select_by_dep=None, packages_skip_by_dep=None, packages_skip_up_to=None, packages_select_build_failed=False, packages_skip_build_finished=False, packages_select_test_failures=False, packages_skip_test_passed=False, packages_select=None, packages_skip=None, packages_select_regex=None, packages_skip_regex=None, packages_start=None, packages_end=None, allow_overriding=[], cmake_args=None, cmake_target=None, cmake_target_skip_unavailable=False, cmake_clean_cache=False, cmake_clean_first=False, cmake_force_configure=False, ament_cmake_args=None, catkin_cmake_args=None, catkin_skip_building_tests=False, verb_parser=<colcon_defaults.argument_parser.defaults.DefaultArgumentsDecorator object at 0x7fdaa311aaa0>, verb_extension=<colcon_core.verb.build.BuildVerb object at 0x7fdaa345ded0>, main=<bound method BuildVerb.main of <colcon_core.verb.build.BuildVerb object at 0x7fdaa345ded0>>)
[0.508s] Level 1:colcon.colcon_core.package_discovery:discover_packages(colcon_meta) check parameters
[0.508s] Level 1:colcon.colcon_core.package_discovery:discover_packages(recursive) check parameters
[0.508s] Level 1:colcon.colcon_core.package_discovery:discover_packages(ignore) check parameters
[0.508s] Level 1:colcon.colcon_core.package_discovery:discover_packages(path) check parameters
[0.508s] Level 1:colcon.colcon_core.package_discovery:discover_packages(colcon_meta) discover
[0.508s] Level 1:colcon.colcon_core.package_discovery:discover_packages(recursive) discover
[0.508s] INFO:colcon.colcon_core.package_discovery:Crawling recursively for packages in '/home/fadri/code/ros2/arduino-bot/arduinobot_ws/src'
[0.508s] Level 1:colcon.colcon_core.package_identification:_identify(.) by extensions ['ignore', 'ignore_ament_install']
[0.508s] Level 1:colcon.colcon_core.package_identification:_identify(.) by extension 'ignore'
[0.508s] Level 1:colcon.colcon_core.package_identification:_identify(.) by extension 'ignore_ament_install'
[0.508s] Level 1:colcon.colcon_core.package_identification:_identify(.) by extensions ['colcon_pkg']
[0.508s] Level 1:colcon.colcon_core.package_identification:_identify(.) by extension 'colcon_pkg'
[0.508s] Level 1:colcon.colcon_core.package_identification:_identify(.) by extensions ['colcon_meta']
[0.508s] Level 1:colcon.colcon_core.package_identification:_identify(.) by extension 'colcon_meta'
[0.508s] Level 1:colcon.colcon_core.package_identification:_identify(.) by extensions ['ros']
[0.508s] Level 1:colcon.colcon_core.package_identification:_identify(.) by extension 'ros'
[0.515s] Level 1:colcon.colcon_core.package_identification:_identify(.) by extensions ['cmake', 'python']
[0.515s] Level 1:colcon.colcon_core.package_identification:_identify(.) by extension 'cmake'
[0.515s] Level 1:colcon.colcon_core.package_identification:_identify(.) by extension 'python'
[0.515s] Level 1:colcon.colcon_core.package_identification:_identify(.) by extensions ['python_setup_py']
[0.515s] Level 1:colcon.colcon_core.package_identification:_identify(.) by extension 'python_setup_py'
[0.515s] Level 1:colcon.colcon_core.package_identification:_identify(arduinobot_controller) by extensions ['ignore', 'ignore_ament_install']
[0.515s] Level 1:colcon.colcon_core.package_identification:_identify(arduinobot_controller) by extension 'ignore'
[0.515s] Level 1:colcon.colcon_core.package_identification:_identify(arduinobot_controller) by extension 'ignore_ament_install'
[0.515s] Level 1:colcon.colcon_core.package_identification:_identify(arduinobot_controller) by extensions ['colcon_pkg']
[0.515s] Level 1:colcon.colcon_core.package_identification:_identify(arduinobot_controller) by extension 'colcon_pkg'
[0.515s] Level 1:colcon.colcon_core.package_identification:_identify(arduinobot_controller) by extensions ['colcon_meta']
[0.515s] Level 1:colcon.colcon_core.package_identification:_identify(arduinobot_controller) by extension 'colcon_meta'
[0.515s] Level 1:colcon.colcon_core.package_identification:_identify(arduinobot_controller) by extensions ['ros']
[0.515s] Level 1:colcon.colcon_core.package_identification:_identify(arduinobot_controller) by extension 'ros'
[0.516s] DEBUG:colcon.colcon_core.package_identification:Package 'arduinobot_controller' with type 'ros.ament_cmake' and name 'arduinobot_controller'
[0.516s] Level 1:colcon.colcon_core.package_identification:_identify(arduinobot_cpp_examples) by extensions ['ignore', 'ignore_ament_install']
[0.517s] Level 1:colcon.colcon_core.package_identification:_identify(arduinobot_cpp_examples) by extension 'ignore'
[0.517s] Level 1:colcon.colcon_core.package_identification:_identify(arduinobot_cpp_examples) by extension 'ignore_ament_install'
[0.517s] Level 1:colcon.colcon_core.package_identification:_identify(arduinobot_cpp_examples) by extensions ['colcon_pkg']
[0.517s] Level 1:colcon.colcon_core.package_identification:_identify(arduinobot_cpp_examples) by extension 'colcon_pkg'
[0.517s] Level 1:colcon.colcon_core.package_identification:_identify(arduinobot_cpp_examples) by extensions ['colcon_meta']
[0.517s] Level 1:colcon.colcon_core.package_identification:_identify(arduinobot_cpp_examples) by extension 'colcon_meta'
[0.517s] Level 1:colcon.colcon_core.package_identification:_identify(arduinobot_cpp_examples) by extensions ['ros']
[0.517s] Level 1:colcon.colcon_core.package_identification:_identify(arduinobot_cpp_examples) by extension 'ros'
[0.517s] DEBUG:colcon.colcon_core.package_identification:Package 'arduinobot_cpp_examples' with type 'ros.ament_cmake' and name 'arduinobot_cpp_examples'
[0.517s] Level 1:colcon.colcon_core.package_identification:_identify(arduinobot_description) by extensions ['ignore', 'ignore_ament_install']
[0.517s] Level 1:colcon.colcon_core.package_identification:_identify(arduinobot_description) by extension 'ignore'
[0.517s] Level 1:colcon.colcon_core.package_identification:_identify(arduinobot_description) by extension 'ignore_ament_install'
[0.517s] Level 1:colcon.colcon_core.package_identification:_identify(arduinobot_description) by extensions ['colcon_pkg']
[0.517s] Level 1:colcon.colcon_core.package_identification:_identify(arduinobot_description) by extension 'colcon_pkg'
[0.517s] Level 1:colcon.colcon_core.package_identification:_identify(arduinobot_description) by extensions ['colcon_meta']
[0.517s] Level 1:colcon.colcon_core.package_identification:_identify(arduinobot_description) by extension 'colcon_meta'
[0.517s] Level 1:colcon.colcon_core.package_identification:_identify(arduinobot_description) by extensions ['ros']
[0.517s] Level 1:colcon.colcon_core.package_identification:_identify(arduinobot_description) by extension 'ros'
[0.517s] DEBUG:colcon.colcon_core.package_identification:Package 'arduinobot_description' with type 'ros.ament_cmake' and name 'arduinobot_description'
[0.518s] Level 1:colcon.colcon_core.package_identification:_identify(arduinobot_moveit) by extensions ['ignore', 'ignore_ament_install']
[0.518s] Level 1:colcon.colcon_core.package_identification:_identify(arduinobot_moveit) by extension 'ignore'
[0.518s] Level 1:colcon.colcon_core.package_identification:_identify(arduinobot_moveit) by extension 'ignore_ament_install'
[0.518s] Level 1:colcon.colcon_core.package_identification:_identify(arduinobot_moveit) by extensions ['colcon_pkg']
[0.518s] Level 1:colcon.colcon_core.package_identification:_identify(arduinobot_moveit) by extension 'colcon_pkg'
[0.518s] Level 1:colcon.colcon_core.package_identification:_identify(arduinobot_moveit) by extensions ['colcon_meta']
[0.518s] Level 1:colcon.colcon_core.package_identification:_identify(arduinobot_moveit) by extension 'colcon_meta'
[0.518s] Level 1:colcon.colcon_core.package_identification:_identify(arduinobot_moveit) by extensions ['ros']
[0.518s] Level 1:colcon.colcon_core.package_identification:_identify(arduinobot_moveit) by extension 'ros'
[0.518s] DEBUG:colcon.colcon_core.package_identification:Package 'arduinobot_moveit' with type 'ros.ament_cmake' and name 'arduinobot_moveit'
[0.518s] Level 1:colcon.colcon_core.package_identification:_identify(arduinobot_msgs) by extensions ['ignore', 'ignore_ament_install']
[0.518s] Level 1:colcon.colcon_core.package_identification:_identify(arduinobot_msgs) by extension 'ignore'
[0.518s] Level 1:colcon.colcon_core.package_identification:_identify(arduinobot_msgs) by extension 'ignore_ament_install'
[0.518s] Level 1:colcon.colcon_core.package_identification:_identify(arduinobot_msgs) by extensions ['colcon_pkg']
[0.518s] Level 1:colcon.colcon_core.package_identification:_identify(arduinobot_msgs) by extension 'colcon_pkg'
[0.518s] Level 1:colcon.colcon_core.package_identification:_identify(arduinobot_msgs) by extensions ['colcon_meta']
[0.518s] Level 1:colcon.colcon_core.package_identification:_identify(arduinobot_msgs) by extension 'colcon_meta'
[0.518s] Level 1:colcon.colcon_core.package_identification:_identify(arduinobot_msgs) by extensions ['ros']
[0.518s] Level 1:colcon.colcon_core.package_identification:_identify(arduinobot_msgs) by extension 'ros'
[0.518s] DEBUG:colcon.colcon_core.package_identification:Package 'arduinobot_msgs' with type 'ros.ament_cmake' and name 'arduinobot_msgs'
[0.518s] Level 1:colcon.colcon_core.package_identification:_identify(arduinobot_py_examples) by extensions ['ignore', 'ignore_ament_install']
[0.519s] Level 1:colcon.colcon_core.package_identification:_identify(arduinobot_py_examples) by extension 'ignore'
[0.519s] Level 1:colcon.colcon_core.package_identification:_identify(arduinobot_py_examples) by extension 'ignore_ament_install'
[0.519s] Level 1:colcon.colcon_core.package_identification:_identify(arduinobot_py_examples) by extensions ['colcon_pkg']
[0.519s] Level 1:colcon.colcon_core.package_identification:_identify(arduinobot_py_examples) by extension 'colcon_pkg'
[0.519s] Level 1:colcon.colcon_core.package_identification:_identify(arduinobot_py_examples) by extensions ['colcon_meta']
[0.519s] Level 1:colcon.colcon_core.package_identification:_identify(arduinobot_py_examples) by extension 'colcon_meta'
[0.519s] Level 1:colcon.colcon_core.package_identification:_identify(arduinobot_py_examples) by extensions ['ros']
[0.519s] Level 1:colcon.colcon_core.package_identification:_identify(arduinobot_py_examples) by extension 'ros'
[0.519s] DEBUG:colcon.colcon_core.package_identification:Package 'arduinobot_py_examples' with type 'ros.ament_python' and name 'arduinobot_py_examples'
[0.519s] Level 1:colcon.colcon_core.package_identification:_identify(build) by extensions ['ignore', 'ignore_ament_install']
[0.519s] Level 1:colcon.colcon_core.package_identification:_identify(build) by extension 'ignore'
[0.519s] Level 1:colcon.colcon_core.package_identification:_identify(build) ignored
[0.519s] Level 1:colcon.colcon_core.package_identification:_identify(install) by extensions ['ignore', 'ignore_ament_install']
[0.519s] Level 1:colcon.colcon_core.package_identification:_identify(install) by extension 'ignore'
[0.519s] Level 1:colcon.colcon_core.package_identification:_identify(install) ignored
[0.519s] Level 1:colcon.colcon_core.package_identification:_identify(log) by extensions ['ignore', 'ignore_ament_install']
[0.519s] Level 1:colcon.colcon_core.package_identification:_identify(log) by extension 'ignore'
[0.519s] Level 1:colcon.colcon_core.package_identification:_identify(log) ignored
[0.519s] Level 1:colcon.colcon_core.package_discovery:discover_packages(recursive) using defaults
[0.519s] Level 1:colcon.colcon_core.package_discovery:discover_packages(ignore) discover
[0.519s] Level 1:colcon.colcon_core.package_discovery:discover_packages(ignore) using defaults
[0.519s] Level 1:colcon.colcon_core.package_discovery:discover_packages(path) discover
[0.519s] Level 1:colcon.colcon_core.package_discovery:discover_packages(path) using defaults
[0.566s] Level 1:colcon.colcon_core.package_discovery:discover_packages(prefix_path) check parameters
[0.566s] Level 1:colcon.colcon_core.package_discovery:discover_packages(prefix_path) discover
[0.582s] DEBUG:colcon.colcon_installed_package_information.package_discovery:Found 368 installed packages in /opt/ros/iron
[0.583s] Level 1:colcon.colcon_core.package_discovery:discover_packages(prefix_path) using defaults
[0.629s] Level 5:colcon.colcon_core.verb:set package 'arduinobot_controller' build argument 'cmake_args' from command line to 'None'
[0.629s] Level 5:colcon.colcon_core.verb:set package 'arduinobot_controller' build argument 'cmake_target' from command line to 'None'
[0.629s] Level 5:colcon.colcon_core.verb:set package 'arduinobot_controller' build argument 'cmake_target_skip_unavailable' from command line to 'False'
[0.629s] Level 5:colcon.colcon_core.verb:set package 'arduinobot_controller' build argument 'cmake_clean_cache' from command line to 'False'
[0.629s] Level 5:colcon.colcon_core.verb:set package 'arduinobot_controller' build argument 'cmake_clean_first' from command line to 'False'
[0.629s] Level 5:colcon.colcon_core.verb:set package 'arduinobot_controller' build argument 'cmake_force_configure' from command line to 'False'
[0.629s] Level 5:colcon.colcon_core.verb:set package 'arduinobot_controller' build argument 'ament_cmake_args' from command line to 'None'
[0.629s] Level 5:colcon.colcon_core.verb:set package 'arduinobot_controller' build argument 'catkin_cmake_args' from command line to 'None'
[0.629s] Level 5:colcon.colcon_core.verb:set package 'arduinobot_controller' build argument 'catkin_skip_building_tests' from command line to 'False'
[0.629s] DEBUG:colcon.colcon_core.verb:Building package 'arduinobot_controller' with the following arguments: {'ament_cmake_args': None, 'build_base': '/home/fadri/code/ros2/arduino-bot/arduinobot_ws/src/build/arduinobot_controller', 'catkin_cmake_args': None, 'catkin_skip_building_tests': False, 'cmake_args': None, 'cmake_clean_cache': False, 'cmake_clean_first': False, 'cmake_force_configure': False, 'cmake_target': None, 'cmake_target_skip_unavailable': False, 'install_base': '/home/fadri/code/ros2/arduino-bot/arduinobot_ws/src/install/arduinobot_controller', 'merge_install': False, 'path': '/home/fadri/code/ros2/arduino-bot/arduinobot_ws/src/arduinobot_controller', 'symlink_install': False, 'test_result_base': None}
[0.635s] Level 5:colcon.colcon_core.verb:set package 'arduinobot_description' build argument 'cmake_args' from command line to 'None'
[0.635s] Level 5:colcon.colcon_core.verb:set package 'arduinobot_description' build argument 'cmake_target' from command line to 'None'
[0.636s] Level 5:colcon.colcon_core.verb:set package 'arduinobot_description' build argument 'cmake_target_skip_unavailable' from command line to 'False'
[0.636s] Level 5:colcon.colcon_core.verb:set package 'arduinobot_description' build argument 'cmake_clean_cache' from command line to 'False'
[0.636s] Level 5:colcon.colcon_core.verb:set package 'arduinobot_description' build argument 'cmake_clean_first' from command line to 'False'
[0.636s] Level 5:colcon.colcon_core.verb:set package 'arduinobot_description' build argument 'cmake_force_configure' from command line to 'False'
[0.636s] Level 5:colcon.colcon_core.verb:set package 'arduinobot_description' build argument 'ament_cmake_args' from command line to 'None'
[0.636s] Level 5:colcon.colcon_core.verb:set package 'arduinobot_description' build argument 'catkin_cmake_args' from command line to 'None'
[0.636s] Level 5:colcon.colcon_core.verb:set package 'arduinobot_description' build argument 'catkin_skip_building_tests' from command line to 'False'
[0.636s] DEBUG:colcon.colcon_core.verb:Building package 'arduinobot_description' with the following arguments: {'ament_cmake_args': None, 'build_base': '/home/fadri/code/ros2/arduino-bot/arduinobot_ws/src/build/arduinobot_description', 'catkin_cmake_args': None, 'catkin_skip_building_tests': False, 'cmake_args': None, 'cmake_clean_cache': False, 'cmake_clean_first': False, 'cmake_force_configure': False, 'cmake_target': None, 'cmake_target_skip_unavailable': False, 'install_base': '/home/fadri/code/ros2/arduino-bot/arduinobot_ws/src/install/arduinobot_description', 'merge_install': False, 'path': '/home/fadri/code/ros2/arduino-bot/arduinobot_ws/src/arduinobot_description', 'symlink_install': False, 'test_result_base': None}
[0.642s] Level 5:colcon.colcon_core.verb:set package 'arduinobot_moveit' build argument 'cmake_args' from command line to 'None'
[0.642s] Level 5:colcon.colcon_core.verb:set package 'arduinobot_moveit' build argument 'cmake_target' from command line to 'None'
[0.642s] Level 5:colcon.colcon_core.verb:set package 'arduinobot_moveit' build argument 'cmake_target_skip_unavailable' from command line to 'False'
[0.642s] Level 5:colcon.colcon_core.verb:set package 'arduinobot_moveit' build argument 'cmake_clean_cache' from command line to 'False'
[0.642s] Level 5:colcon.colcon_core.verb:set package 'arduinobot_moveit' build argument 'cmake_clean_first' from command line to 'False'
[0.642s] Level 5:colcon.colcon_core.verb:set package 'arduinobot_moveit' build argument 'cmake_force_configure' from command line to 'False'
[0.642s] Level 5:colcon.colcon_core.verb:set package 'arduinobot_moveit' build argument 'ament_cmake_args' from command line to 'None'
[0.642s] Level 5:colcon.colcon_core.verb:set package 'arduinobot_moveit' build argument 'catkin_cmake_args' from command line to 'None'
[0.642s] Level 5:colcon.colcon_core.verb:set package 'arduinobot_moveit' build argument 'catkin_skip_building_tests' from command line to 'False'
[0.642s] DEBUG:colcon.colcon_core.verb:Building package 'arduinobot_moveit' with the following arguments: {'ament_cmake_args': None, 'build_base': '/home/fadri/code/ros2/arduino-bot/arduinobot_ws/src/build/arduinobot_moveit', 'catkin_cmake_args': None, 'catkin_skip_building_tests': False, 'cmake_args': None, 'cmake_clean_cache': False, 'cmake_clean_first': False, 'cmake_force_configure': False, 'cmake_target': None, 'cmake_target_skip_unavailable': False, 'install_base': '/home/fadri/code/ros2/arduino-bot/arduinobot_ws/src/install/arduinobot_moveit', 'merge_install': False, 'path': '/home/fadri/code/ros2/arduino-bot/arduinobot_ws/src/arduinobot_moveit', 'symlink_install': False, 'test_result_base': None}
[0.649s] Level 5:colcon.colcon_core.verb:set package 'arduinobot_msgs' build argument 'cmake_args' from command line to 'None'
[0.649s] Level 5:colcon.colcon_core.verb:set package 'arduinobot_msgs' build argument 'cmake_target' from command line to 'None'
[0.649s] Level 5:colcon.colcon_core.verb:set package 'arduinobot_msgs' build argument 'cmake_target_skip_unavailable' from command line to 'False'
[0.649s] Level 5:colcon.colcon_core.verb:set package 'arduinobot_msgs' build argument 'cmake_clean_cache' from command line to 'False'
[0.649s] Level 5:colcon.colcon_core.verb:set package 'arduinobot_msgs' build argument 'cmake_clean_first' from command line to 'False'
[0.649s] Level 5:colcon.colcon_core.verb:set package 'arduinobot_msgs' build argument 'cmake_force_configure' from command line to 'False'
[0.649s] Level 5:colcon.colcon_core.verb:set package 'arduinobot_msgs' build argument 'ament_cmake_args' from command line to 'None'
[0.649s] Level 5:colcon.colcon_core.verb:set package 'arduinobot_msgs' build argument 'catkin_cmake_args' from command line to 'None'
[0.649s] Level 5:colcon.colcon_core.verb:set package 'arduinobot_msgs' build argument 'catkin_skip_building_tests' from command line to 'False'
[0.649s] DEBUG:colcon.colcon_core.verb:Building package 'arduinobot_msgs' with the following arguments: {'ament_cmake_args': None, 'build_base': '/home/fadri/code/ros2/arduino-bot/arduinobot_ws/src/build/arduinobot_msgs', 'catkin_cmake_args': None, 'catkin_skip_building_tests': False, 'cmake_args': None, 'cmake_clean_cache': False, 'cmake_clean_first': False, 'cmake_force_configure': False, 'cmake_target': None, 'cmake_target_skip_unavailable': False, 'install_base': '/home/fadri/code/ros2/arduino-bot/arduinobot_ws/src/install/arduinobot_msgs', 'merge_install': False, 'path': '/home/fadri/code/ros2/arduino-bot/arduinobot_ws/src/arduinobot_msgs', 'symlink_install': False, 'test_result_base': None}
[0.655s] Level 5:colcon.colcon_core.verb:set package 'arduinobot_cpp_examples' build argument 'cmake_args' from command line to 'None'
[0.655s] Level 5:colcon.colcon_core.verb:set package 'arduinobot_cpp_examples' build argument 'cmake_target' from command line to 'None'
[0.655s] Level 5:colcon.colcon_core.verb:set package 'arduinobot_cpp_examples' build argument 'cmake_target_skip_unavailable' from command line to 'False'
[0.656s] Level 5:colcon.colcon_core.verb:set package 'arduinobot_cpp_examples' build argument 'cmake_clean_cache' from command line to 'False'
[0.656s] Level 5:colcon.colcon_core.verb:set package 'arduinobot_cpp_examples' build argument 'cmake_clean_first' from command line to 'False'
[0.656s] Level 5:colcon.colcon_core.verb:set package 'arduinobot_cpp_examples' build argument 'cmake_force_configure' from command line to 'False'
[0.656s] Level 5:colcon.colcon_core.verb:set package 'arduinobot_cpp_examples' build argument 'ament_cmake_args' from command line to 'None'
[0.656s] Level 5:colcon.colcon_core.verb:set package 'arduinobot_cpp_examples' build argument 'catkin_cmake_args' from command line to 'None'
[0.656s] Level 5:colcon.colcon_core.verb:set package 'arduinobot_cpp_examples' build argument 'catkin_skip_building_tests' from command line to 'False'
[0.656s] DEBUG:colcon.colcon_core.verb:Building package 'arduinobot_cpp_examples' with the following arguments: {'ament_cmake_args': None, 'build_base': '/home/fadri/code/ros2/arduino-bot/arduinobot_ws/src/build/arduinobot_cpp_examples', 'catkin_cmake_args': None, 'catkin_skip_building_tests': False, 'cmake_args': None, 'cmake_clean_cache': False, 'cmake_clean_first': False, 'cmake_force_configure': False, 'cmake_target': None, 'cmake_target_skip_unavailable': False, 'install_base': '/home/fadri/code/ros2/arduino-bot/arduinobot_ws/src/install/arduinobot_cpp_examples', 'merge_install': False, 'path': '/home/fadri/code/ros2/arduino-bot/arduinobot_ws/src/arduinobot_cpp_examples', 'symlink_install': False, 'test_result_base': None}
[0.662s] Level 5:colcon.colcon_core.verb:set package 'arduinobot_py_examples' build argument 'cmake_args' from command line to 'None'
[0.662s] Level 5:colcon.colcon_core.verb:set package 'arduinobot_py_examples' build argument 'cmake_target' from command line to 'None'
[0.662s] Level 5:colcon.colcon_core.verb:set package 'arduinobot_py_examples' build argument 'cmake_target_skip_unavailable' from command line to 'False'
[0.662s] Level 5:colcon.colcon_core.verb:set package 'arduinobot_py_examples' build argument 'cmake_clean_cache' from command line to 'False'
[0.662s] Level 5:colcon.colcon_core.verb:set package 'arduinobot_py_examples' build argument 'cmake_clean_first' from command line to 'False'
[0.662s] Level 5:colcon.colcon_core.verb:set package 'arduinobot_py_examples' build argument 'cmake_force_configure' from command line to 'False'
[0.662s] Level 5:colcon.colcon_core.verb:set package 'arduinobot_py_examples' build argument 'ament_cmake_args' from command line to 'None'
[0.662s] Level 5:colcon.colcon_core.verb:set package 'arduinobot_py_examples' build argument 'catkin_cmake_args' from command line to 'None'
[0.662s] Level 5:colcon.colcon_core.verb:set package 'arduinobot_py_examples' build argument 'catkin_skip_building_tests' from command line to 'False'
[0.662s] DEBUG:colcon.colcon_core.verb:Building package 'arduinobot_py_examples' with the following arguments: {'ament_cmake_args': None, 'build_base': '/home/fadri/code/ros2/arduino-bot/arduinobot_ws/src/build/arduinobot_py_examples', 'catkin_cmake_args': None, 'catkin_skip_building_tests': False, 'cmake_args': None, 'cmake_clean_cache': False, 'cmake_clean_first': False, 'cmake_force_configure': False, 'cmake_target': None, 'cmake_target_skip_unavailable': False, 'install_base': '/home/fadri/code/ros2/arduino-bot/arduinobot_ws/src/install/arduinobot_py_examples', 'merge_install': False, 'path': '/home/fadri/code/ros2/arduino-bot/arduinobot_ws/src/arduinobot_py_examples', 'symlink_install': False, 'test_result_base': None}
[0.668s] INFO:colcon.colcon_core.executor:Executing jobs using 'parallel' executor
[0.676s] DEBUG:colcon.colcon_parallel_executor.executor.parallel:run_until_complete
[0.676s] INFO:colcon.colcon_ros.task.ament_cmake.build:Building ROS package in '/home/fadri/code/ros2/arduino-bot/arduinobot_ws/src/arduinobot_msgs' with build type 'ament_cmake'
[0.676s] INFO:colcon.colcon_cmake.task.cmake.build:Building CMake package in '/home/fadri/code/ros2/arduino-bot/arduinobot_ws/src/arduinobot_msgs'
[0.685s] INFO:colcon.colcon_core.plugin_system:Skipping extension 'colcon_core.shell.bat': Not used on non-Windows systems
[0.686s] INFO:colcon.colcon_core.shell:Skip shell extension 'powershell' for command environment: Not usable outside of PowerShell
[0.686s] DEBUG:colcon.colcon_core.shell:Skip shell extension 'dsv' for command environment
[0.702s] INFO:colcon.colcon_ros.task.ament_cmake.build:Building ROS package in '/home/fadri/code/ros2/arduino-bot/arduinobot_ws/src/arduinobot_controller' with build type 'ament_cmake'
[0.702s] INFO:colcon.colcon_cmake.task.cmake.build:Building CMake package in '/home/fadri/code/ros2/arduino-bot/arduinobot_ws/src/arduinobot_controller'
[0.711s] INFO:colcon.colcon_core.shell:Skip shell extension 'powershell' for command environment: Not usable outside of PowerShell
[0.711s] DEBUG:colcon.colcon_core.shell:Skip shell extension 'dsv' for command environment
[0.726s] INFO:colcon.colcon_ros.task.ament_cmake.build:Building ROS package in '/home/fadri/code/ros2/arduino-bot/arduinobot_ws/src/arduinobot_description' with build type 'ament_cmake'
[0.726s] INFO:colcon.colcon_cmake.task.cmake.build:Building CMake package in '/home/fadri/code/ros2/arduino-bot/arduinobot_ws/src/arduinobot_description'
[0.742s] INFO:colcon.colcon_core.shell:Skip shell extension 'powershell' for command environment: Not usable outside of PowerShell
[0.742s] DEBUG:colcon.colcon_core.shell:Skip shell extension 'dsv' for command environment
[0.757s] INFO:colcon.colcon_ros.task.ament_cmake.build:Building ROS package in '/home/fadri/code/ros2/arduino-bot/arduinobot_ws/src/arduinobot_moveit' with build type 'ament_cmake'
[0.757s] INFO:colcon.colcon_cmake.task.cmake.build:Building CMake package in '/home/fadri/code/ros2/arduino-bot/arduinobot_ws/src/arduinobot_moveit'
[0.764s] INFO:colcon.colcon_core.shell:Skip shell extension 'powershell' for command environment: Not usable outside of PowerShell
[0.764s] DEBUG:colcon.colcon_core.shell:Skip shell extension 'dsv' for command environment
[0.784s] DEBUG:colcon.colcon_core.event_handler.log_command:Invoking command in '/home/fadri/code/ros2/arduino-bot/arduinobot_ws/src/build/arduinobot_msgs': CMAKE_PREFIX_PATH=/opt/ros/iron /usr/bin/cmake /home/fadri/code/ros2/arduino-bot/arduinobot_ws/src/arduinobot_msgs -DCMAKE_INSTALL_PREFIX=/home/fadri/code/ros2/arduino-bot/arduinobot_ws/src/install/arduinobot_msgs
[0.785s] DEBUG:colcon.colcon_core.event_handler.log_command:Invoking command in '/home/fadri/code/ros2/arduino-bot/arduinobot_ws/src/build/arduinobot_controller': CMAKE_PREFIX_PATH=/opt/ros/iron /usr/bin/cmake /home/fadri/code/ros2/arduino-bot/arduinobot_ws/src/arduinobot_controller -DCMAKE_INSTALL_PREFIX=/home/fadri/code/ros2/arduino-bot/arduinobot_ws/src/install/arduinobot_controller
[0.789s] DEBUG:colcon.colcon_core.event_handler.log_command:Invoking command in '/home/fadri/code/ros2/arduino-bot/arduinobot_ws/src/build/arduinobot_description': CMAKE_PREFIX_PATH=/opt/ros/iron /usr/bin/cmake /home/fadri/code/ros2/arduino-bot/arduinobot_ws/src/arduinobot_description -DCMAKE_INSTALL_PREFIX=/home/fadri/code/ros2/arduino-bot/arduinobot_ws/src/install/arduinobot_description
[0.793s] DEBUG:colcon.colcon_core.event_handler.log_command:Invoking command in '/home/fadri/code/ros2/arduino-bot/arduinobot_ws/src/build/arduinobot_moveit': CMAKE_PREFIX_PATH=/opt/ros/iron /usr/bin/cmake /home/fadri/code/ros2/arduino-bot/arduinobot_ws/src/arduinobot_moveit -DCMAKE_INSTALL_PREFIX=/home/fadri/code/ros2/arduino-bot/arduinobot_ws/src/install/arduinobot_moveit
[1.414s] DEBUG:colcon.colcon_core.event_handler.log_command:Invoked command in '/home/fadri/code/ros2/arduino-bot/arduinobot_ws/src/build/arduinobot_moveit' returned '0': CMAKE_PREFIX_PATH=/opt/ros/iron /usr/bin/cmake /home/fadri/code/ros2/arduino-bot/arduinobot_ws/src/arduinobot_moveit -DCMAKE_INSTALL_PREFIX=/home/fadri/code/ros2/arduino-bot/arduinobot_ws/src/install/arduinobot_moveit
[1.417s] DEBUG:colcon.colcon_core.event_handler.log_command:Invoking command in '/home/fadri/code/ros2/arduino-bot/arduinobot_ws/src/build/arduinobot_moveit': CMAKE_PREFIX_PATH=/opt/ros/iron /usr/bin/cmake --build /home/fadri/code/ros2/arduino-bot/arduinobot_ws/src/build/arduinobot_moveit -- -j12 -l12
[1.421s] DEBUG:colcon.colcon_core.event_handler.log_command:Invoked command in '/home/fadri/code/ros2/arduino-bot/arduinobot_ws/src/build/arduinobot_controller' returned '0': CMAKE_PREFIX_PATH=/opt/ros/iron /usr/bin/cmake /home/fadri/code/ros2/arduino-bot/arduinobot_ws/src/arduinobot_controller -DCMAKE_INSTALL_PREFIX=/home/fadri/code/ros2/arduino-bot/arduinobot_ws/src/install/arduinobot_controller
[1.422s] DEBUG:colcon.colcon_core.event_handler.log_command:Invoking command in '/home/fadri/code/ros2/arduino-bot/arduinobot_ws/src/build/arduinobot_controller': CMAKE_PREFIX_PATH=/opt/ros/iron /usr/bin/cmake --build /home/fadri/code/ros2/arduino-bot/arduinobot_ws/src/build/arduinobot_controller -- -j12 -l12
[1.446s] DEBUG:colcon.colcon_core.event_handler.log_command:Invoked command in '/home/fadri/code/ros2/arduino-bot/arduinobot_ws/src/build/arduinobot_moveit' returned '0': CMAKE_PREFIX_PATH=/opt/ros/iron /usr/bin/cmake --build /home/fadri/code/ros2/arduino-bot/arduinobot_ws/src/build/arduinobot_moveit -- -j12 -l12
[1.460s] DEBUG:colcon.colcon_core.event_handler.log_command:Invoked command in '/home/fadri/code/ros2/arduino-bot/arduinobot_ws/src/build/arduinobot_controller' returned '0': CMAKE_PREFIX_PATH=/opt/ros/iron /usr/bin/cmake --build /home/fadri/code/ros2/arduino-bot/arduinobot_ws/src/build/arduinobot_controller -- -j12 -l12
[1.475s] DEBUG:colcon.colcon_core.event_handler.log_command:Invoking command in '/home/fadri/code/ros2/arduino-bot/arduinobot_ws/src/build/arduinobot_moveit': CMAKE_PREFIX_PATH=/opt/ros/iron /usr/bin/cmake --install /home/fadri/code/ros2/arduino-bot/arduinobot_ws/src/build/arduinobot_moveit
[1.477s] DEBUG:colcon.colcon_core.event_handler.log_command:Invoked command in '/home/fadri/code/ros2/arduino-bot/arduinobot_ws/src/build/arduinobot_description' returned '0': CMAKE_PREFIX_PATH=/opt/ros/iron /usr/bin/cmake /home/fadri/code/ros2/arduino-bot/arduinobot_ws/src/arduinobot_description -DCMAKE_INSTALL_PREFIX=/home/fadri/code/ros2/arduino-bot/arduinobot_ws/src/install/arduinobot_description
[1.478s] DEBUG:colcon.colcon_core.event_handler.log_command:Invoking command in '/home/fadri/code/ros2/arduino-bot/arduinobot_ws/src/build/arduinobot_description': CMAKE_PREFIX_PATH=/opt/ros/iron /usr/bin/cmake --build /home/fadri/code/ros2/arduino-bot/arduinobot_ws/src/build/arduinobot_description -- -j12 -l12
[1.480s] DEBUG:colcon.colcon_core.event_handler.log_command:Invoking command in '/home/fadri/code/ros2/arduino-bot/arduinobot_ws/src/build/arduinobot_controller': CMAKE_PREFIX_PATH=/opt/ros/iron /usr/bin/cmake --install /home/fadri/code/ros2/arduino-bot/arduinobot_ws/src/build/arduinobot_controller
[1.486s] Level 1:colcon.colcon_core.environment:create_environment_scripts_only(arduinobot_moveit)
[1.487s] DEBUG:colcon.colcon_core.event_handler.log_command:Invoked command in '/home/fadri/code/ros2/arduino-bot/arduinobot_ws/src/build/arduinobot_moveit' returned '0': CMAKE_PREFIX_PATH=/opt/ros/iron /usr/bin/cmake --install /home/fadri/code/ros2/arduino-bot/arduinobot_ws/src/build/arduinobot_moveit
[1.514s] Level 1:colcon.colcon_core.environment:checking '/home/fadri/code/ros2/arduino-bot/arduinobot_ws/src/install/arduinobot_moveit' for CMake module files
[1.515s] Level 1:colcon.colcon_core.environment:checking '/home/fadri/code/ros2/arduino-bot/arduinobot_ws/src/install/arduinobot_moveit' for CMake config files
[1.515s] Level 1:colcon.colcon_core.shell:create_environment_hook('arduinobot_moveit', 'cmake_prefix_path')
[1.527s] INFO:colcon.colcon_core.shell:Creating environment hook '/home/fadri/code/ros2/arduino-bot/arduinobot_ws/src/install/arduinobot_moveit/share/arduinobot_moveit/hook/cmake_prefix_path.ps1'
[1.527s] INFO:colcon.colcon_core.shell:Creating environment descriptor '/home/fadri/code/ros2/arduino-bot/arduinobot_ws/src/install/arduinobot_moveit/share/arduinobot_moveit/hook/cmake_prefix_path.dsv'
[1.528s] INFO:colcon.colcon_core.shell:Creating environment hook '/home/fadri/code/ros2/arduino-bot/arduinobot_ws/src/install/arduinobot_moveit/share/arduinobot_moveit/hook/cmake_prefix_path.sh'
[1.529s] Level 1:colcon.colcon_core.environment:checking '/home/fadri/code/ros2/arduino-bot/arduinobot_ws/src/install/arduinobot_moveit/bin'
[1.529s] Level 1:colcon.colcon_core.environment:checking '/home/fadri/code/ros2/arduino-bot/arduinobot_ws/src/install/arduinobot_moveit/lib/pkgconfig/arduinobot_moveit.pc'
[1.529s] Level 1:colcon.colcon_core.environment:checking '/home/fadri/code/ros2/arduino-bot/arduinobot_ws/src/install/arduinobot_moveit/lib/python3.10/site-packages'
[1.529s] Level 1:colcon.colcon_core.environment:checking '/home/fadri/code/ros2/arduino-bot/arduinobot_ws/src/install/arduinobot_moveit/bin'
[1.538s] INFO:colcon.colcon_core.shell:Creating package script '/home/fadri/code/ros2/arduino-bot/arduinobot_ws/src/install/arduinobot_moveit/share/arduinobot_moveit/package.ps1'
[1.539s] INFO:colcon.colcon_core.shell:Creating package descriptor '/home/fadri/code/ros2/arduino-bot/arduinobot_ws/src/install/arduinobot_moveit/share/arduinobot_moveit/package.dsv'
[1.541s] INFO:colcon.colcon_core.shell:Creating package script '/home/fadri/code/ros2/arduino-bot/arduinobot_ws/src/install/arduinobot_moveit/share/arduinobot_moveit/package.sh'
[1.542s] INFO:colcon.colcon_core.shell:Creating package script '/home/fadri/code/ros2/arduino-bot/arduinobot_ws/src/install/arduinobot_moveit/share/arduinobot_moveit/package.bash'
[1.542s] INFO:colcon.colcon_core.shell:Creating package script '/home/fadri/code/ros2/arduino-bot/arduinobot_ws/src/install/arduinobot_moveit/share/arduinobot_moveit/package.zsh'
[1.543s] Level 1:colcon.colcon_core.environment:create_file_with_runtime_dependencies(/home/fadri/code/ros2/arduino-bot/arduinobot_ws/src/install/arduinobot_moveit/share/colcon-core/packages/arduinobot_moveit)
[1.545s] Level 1:colcon.colcon_core.environment:create_environment_scripts_only(arduinobot_controller)
[1.545s] DEBUG:colcon.colcon_core.event_handler.log_command:Invoked command in '/home/fadri/code/ros2/arduino-bot/arduinobot_ws/src/build/arduinobot_controller' returned '0': CMAKE_PREFIX_PATH=/opt/ros/iron /usr/bin/cmake --install /home/fadri/code/ros2/arduino-bot/arduinobot_ws/src/build/arduinobot_controller
[1.554s] Level 1:colcon.colcon_core.environment:checking '/home/fadri/code/ros2/arduino-bot/arduinobot_ws/src/install/arduinobot_controller' for CMake module files
[1.554s] Level 1:colcon.colcon_core.environment:checking '/home/fadri/code/ros2/arduino-bot/arduinobot_ws/src/install/arduinobot_controller' for CMake config files
[1.555s] Level 1:colcon.colcon_core.shell:create_environment_hook('arduinobot_controller', 'cmake_prefix_path')
[1.563s] INFO:colcon.colcon_core.shell:Creating environment hook '/home/fadri/code/ros2/arduino-bot/arduinobot_ws/src/install/arduinobot_controller/share/arduinobot_controller/hook/cmake_prefix_path.ps1'
[1.564s] INFO:colcon.colcon_core.shell:Creating environment descriptor '/home/fadri/code/ros2/arduino-bot/arduinobot_ws/src/install/arduinobot_controller/share/arduinobot_controller/hook/cmake_prefix_path.dsv'
[1.564s] INFO:colcon.colcon_core.shell:Creating environment hook '/home/fadri/code/ros2/arduino-bot/arduinobot_ws/src/install/arduinobot_controller/share/arduinobot_controller/hook/cmake_prefix_path.sh'
[1.564s] Level 1:colcon.colcon_core.environment:checking '/home/fadri/code/ros2/arduino-bot/arduinobot_ws/src/install/arduinobot_controller/bin'
[1.565s] Level 1:colcon.colcon_core.environment:checking '/home/fadri/code/ros2/arduino-bot/arduinobot_ws/src/install/arduinobot_controller/lib/pkgconfig/arduinobot_controller.pc'
[1.565s] Level 1:colcon.colcon_core.environment:checking '/home/fadri/code/ros2/arduino-bot/arduinobot_ws/src/install/arduinobot_controller/lib/python3.10/site-packages'
[1.565s] Level 1:colcon.colcon_core.environment:checking '/home/fadri/code/ros2/arduino-bot/arduinobot_ws/src/install/arduinobot_controller/bin'
[1.574s] INFO:colcon.colcon_core.shell:Creating package script '/home/fadri/code/ros2/arduino-bot/arduinobot_ws/src/install/arduinobot_controller/share/arduinobot_controller/package.ps1'
[1.574s] INFO:colcon.colcon_core.shell:Creating package descriptor '/home/fadri/code/ros2/arduino-bot/arduinobot_ws/src/install/arduinobot_controller/share/arduinobot_controller/package.dsv'
[1.574s] INFO:colcon.colcon_core.shell:Creating package script '/home/fadri/code/ros2/arduino-bot/arduinobot_ws/src/install/arduinobot_controller/share/arduinobot_controller/package.sh'
[1.575s] INFO:colcon.colcon_core.shell:Creating package script '/home/fadri/code/ros2/arduino-bot/arduinobot_ws/src/install/arduinobot_controller/share/arduinobot_controller/package.bash'
[1.575s] INFO:colcon.colcon_core.shell:Creating package script '/home/fadri/code/ros2/arduino-bot/arduinobot_ws/src/install/arduinobot_controller/share/arduinobot_controller/package.zsh'
[1.575s] Level 1:colcon.colcon_core.environment:create_file_with_runtime_dependencies(/home/fadri/code/ros2/arduino-bot/arduinobot_ws/src/install/arduinobot_controller/share/colcon-core/packages/arduinobot_controller)
[1.577s] DEBUG:colcon.colcon_core.event_handler.log_command:Invoked command in '/home/fadri/code/ros2/arduino-bot/arduinobot_ws/src/build/arduinobot_description' returned '0': CMAKE_PREFIX_PATH=/opt/ros/iron /usr/bin/cmake --build /home/fadri/code/ros2/arduino-bot/arduinobot_ws/src/build/arduinobot_description -- -j12 -l12
[1.595s] Level 1:colcon.colcon_core.environment:create_environment_scripts_only(arduinobot_moveit)
[1.603s] Level 1:colcon.colcon_core.environment:checking '/home/fadri/code/ros2/arduino-bot/arduinobot_ws/src/install/arduinobot_moveit' for CMake module files
[1.603s] Level 1:colcon.colcon_core.environment:checking '/home/fadri/code/ros2/arduino-bot/arduinobot_ws/src/install/arduinobot_moveit' for CMake config files
[1.603s] Level 1:colcon.colcon_core.shell:create_environment_hook('arduinobot_moveit', 'cmake_prefix_path')
[1.612s] INFO:colcon.colcon_core.shell:Creating environment hook '/home/fadri/code/ros2/arduino-bot/arduinobot_ws/src/install/arduinobot_moveit/share/arduinobot_moveit/hook/cmake_prefix_path.ps1'
[1.612s] INFO:colcon.colcon_core.shell:Creating environment descriptor '/home/fadri/code/ros2/arduino-bot/arduinobot_ws/src/install/arduinobot_moveit/share/arduinobot_moveit/hook/cmake_prefix_path.dsv'
[1.612s] INFO:colcon.colcon_core.shell:Creating environment hook '/home/fadri/code/ros2/arduino-bot/arduinobot_ws/src/install/arduinobot_moveit/share/arduinobot_moveit/hook/cmake_prefix_path.sh'
[1.612s] Level 1:colcon.colcon_core.environment:checking '/home/fadri/code/ros2/arduino-bot/arduinobot_ws/src/install/arduinobot_moveit/bin'
[1.613s] Level 1:colcon.colcon_core.environment:checking '/home/fadri/code/ros2/arduino-bot/arduinobot_ws/src/install/arduinobot_moveit/lib/pkgconfig/arduinobot_moveit.pc'
[1.613s] Level 1:colcon.colcon_core.environment:checking '/home/fadri/code/ros2/arduino-bot/arduinobot_ws/src/install/arduinobot_moveit/lib/python3.10/site-packages'
[1.613s] Level 1:colcon.colcon_core.environment:checking '/home/fadri/code/ros2/arduino-bot/arduinobot_ws/src/install/arduinobot_moveit/bin'
[1.620s] INFO:colcon.colcon_core.shell:Creating package script '/home/fadri/code/ros2/arduino-bot/arduinobot_ws/src/install/arduinobot_moveit/share/arduinobot_moveit/package.ps1'
[1.621s] INFO:colcon.colcon_core.shell:Creating package descriptor '/home/fadri/code/ros2/arduino-bot/arduinobot_ws/src/install/arduinobot_moveit/share/arduinobot_moveit/package.dsv'
[1.621s] INFO:colcon.colcon_core.shell:Creating package script '/home/fadri/code/ros2/arduino-bot/arduinobot_ws/src/install/arduinobot_moveit/share/arduinobot_moveit/package.sh'
[1.621s] INFO:colcon.colcon_core.shell:Creating package script '/home/fadri/code/ros2/arduino-bot/arduinobot_ws/src/install/arduinobot_moveit/share/arduinobot_moveit/package.bash'
[1.622s] INFO:colcon.colcon_core.shell:Creating package script '/home/fadri/code/ros2/arduino-bot/arduinobot_ws/src/install/arduinobot_moveit/share/arduinobot_moveit/package.zsh'
[1.622s] Level 1:colcon.colcon_core.environment:create_file_with_runtime_dependencies(/home/fadri/code/ros2/arduino-bot/arduinobot_ws/src/install/arduinobot_moveit/share/colcon-core/packages/arduinobot_moveit)
[1.633s] Level 1:colcon.colcon_core.environment:create_environment_scripts_only(arduinobot_controller)
[1.642s] Level 1:colcon.colcon_core.environment:checking '/home/fadri/code/ros2/arduino-bot/arduinobot_ws/src/install/arduinobot_controller' for CMake module files
[1.642s] Level 1:colcon.colcon_core.environment:checking '/home/fadri/code/ros2/arduino-bot/arduinobot_ws/src/install/arduinobot_controller' for CMake config files
[1.642s] Level 1:colcon.colcon_core.shell:create_environment_hook('arduinobot_controller', 'cmake_prefix_path')
[1.649s] INFO:colcon.colcon_core.shell:Creating environment hook '/home/fadri/code/ros2/arduino-bot/arduinobot_ws/src/install/arduinobot_controller/share/arduinobot_controller/hook/cmake_prefix_path.ps1'
[1.649s] INFO:colcon.colcon_core.shell:Creating environment descriptor '/home/fadri/code/ros2/arduino-bot/arduinobot_ws/src/install/arduinobot_controller/share/arduinobot_controller/hook/cmake_prefix_path.dsv'
[1.649s] INFO:colcon.colcon_core.shell:Creating environment hook '/home/fadri/code/ros2/arduino-bot/arduinobot_ws/src/install/arduinobot_controller/share/arduinobot_controller/hook/cmake_prefix_path.sh'
[1.650s] Level 1:colcon.colcon_core.environment:checking '/home/fadri/code/ros2/arduino-bot/arduinobot_ws/src/install/arduinobot_controller/bin'
[1.650s] Level 1:colcon.colcon_core.environment:checking '/home/fadri/code/ros2/arduino-bot/arduinobot_ws/src/install/arduinobot_controller/lib/pkgconfig/arduinobot_controller.pc'
[1.650s] Level 1:colcon.colcon_core.environment:checking '/home/fadri/code/ros2/arduino-bot/arduinobot_ws/src/install/arduinobot_controller/lib/python3.10/site-packages'
[1.650s] Level 1:colcon.colcon_core.environment:checking '/home/fadri/code/ros2/arduino-bot/arduinobot_ws/src/install/arduinobot_controller/bin'
[1.658s] INFO:colcon.colcon_core.shell:Creating package script '/home/fadri/code/ros2/arduino-bot/arduinobot_ws/src/install/arduinobot_controller/share/arduinobot_controller/package.ps1'
[1.658s] INFO:colcon.colcon_core.shell:Creating package descriptor '/home/fadri/code/ros2/arduino-bot/arduinobot_ws/src/install/arduinobot_controller/share/arduinobot_controller/package.dsv'
[1.659s] INFO:colcon.colcon_core.shell:Creating package script '/home/fadri/code/ros2/arduino-bot/arduinobot_ws/src/install/arduinobot_controller/share/arduinobot_controller/package.sh'
[1.659s] INFO:colcon.colcon_core.shell:Creating package script '/home/fadri/code/ros2/arduino-bot/arduinobot_ws/src/install/arduinobot_controller/share/arduinobot_controller/package.bash'
[1.659s] INFO:colcon.colcon_core.shell:Creating package script '/home/fadri/code/ros2/arduino-bot/arduinobot_ws/src/install/arduinobot_controller/share/arduinobot_controller/package.zsh'
[1.659s] Level 1:colcon.colcon_core.environment:create_file_with_runtime_dependencies(/home/fadri/code/ros2/arduino-bot/arduinobot_ws/src/install/arduinobot_controller/share/colcon-core/packages/arduinobot_controller)
[1.661s] DEBUG:colcon.colcon_core.event_handler.log_command:Invoking command in '/home/fadri/code/ros2/arduino-bot/arduinobot_ws/src/build/arduinobot_description': CMAKE_PREFIX_PATH=/opt/ros/iron /usr/bin/cmake --install /home/fadri/code/ros2/arduino-bot/arduinobot_ws/src/build/arduinobot_description
[1.695s] Level 1:colcon.colcon_core.environment:create_environment_scripts_only(arduinobot_description)
[1.695s] DEBUG:colcon.colcon_core.event_handler.log_command:Invoked command in '/home/fadri/code/ros2/arduino-bot/arduinobot_ws/src/build/arduinobot_description' returned '0': CMAKE_PREFIX_PATH=/opt/ros/iron /usr/bin/cmake --install /home/fadri/code/ros2/arduino-bot/arduinobot_ws/src/build/arduinobot_description
[1.710s] Level 1:colcon.colcon_core.environment:checking '/home/fadri/code/ros2/arduino-bot/arduinobot_ws/src/install/arduinobot_description' for CMake module files
[1.710s] Level 1:colcon.colcon_core.environment:checking '/home/fadri/code/ros2/arduino-bot/arduinobot_ws/src/install/arduinobot_description' for CMake config files
[1.710s] Level 1:colcon.colcon_core.shell:create_environment_hook('arduinobot_description', 'cmake_prefix_path')
[1.718s] INFO:colcon.colcon_core.shell:Creating environment hook '/home/fadri/code/ros2/arduino-bot/arduinobot_ws/src/install/arduinobot_description/share/arduinobot_description/hook/cmake_prefix_path.ps1'
[1.718s] INFO:colcon.colcon_core.shell:Creating environment descriptor '/home/fadri/code/ros2/arduino-bot/arduinobot_ws/src/install/arduinobot_description/share/arduinobot_description/hook/cmake_prefix_path.dsv'
[1.718s] INFO:colcon.colcon_core.shell:Creating environment hook '/home/fadri/code/ros2/arduino-bot/arduinobot_ws/src/install/arduinobot_description/share/arduinobot_description/hook/cmake_prefix_path.sh'
[1.718s] Level 1:colcon.colcon_core.environment:checking '/home/fadri/code/ros2/arduino-bot/arduinobot_ws/src/install/arduinobot_description/bin'
[1.718s] Level 1:colcon.colcon_core.environment:checking '/home/fadri/code/ros2/arduino-bot/arduinobot_ws/src/install/arduinobot_description/lib/pkgconfig/arduinobot_description.pc'
[1.719s] Level 1:colcon.colcon_core.environment:checking '/home/fadri/code/ros2/arduino-bot/arduinobot_ws/src/install/arduinobot_description/lib/python3.10/site-packages'
[1.719s] Level 1:colcon.colcon_core.environment:checking '/home/fadri/code/ros2/arduino-bot/arduinobot_ws/src/install/arduinobot_description/bin'
[1.727s] INFO:colcon.colcon_core.shell:Creating package script '/home/fadri/code/ros2/arduino-bot/arduinobot_ws/src/install/arduinobot_description/share/arduinobot_description/package.ps1'
[1.728s] INFO:colcon.colcon_core.shell:Creating package descriptor '/home/fadri/code/ros2/arduino-bot/arduinobot_ws/src/install/arduinobot_description/share/arduinobot_description/package.dsv'
[1.728s] INFO:colcon.colcon_core.shell:Creating package script '/home/fadri/code/ros2/arduino-bot/arduinobot_ws/src/install/arduinobot_description/share/arduinobot_description/package.sh'
[1.728s] INFO:colcon.colcon_core.shell:Creating package script '/home/fadri/code/ros2/arduino-bot/arduinobot_ws/src/install/arduinobot_description/share/arduinobot_description/package.bash'
[1.728s] INFO:colcon.colcon_core.shell:Creating package script '/home/fadri/code/ros2/arduino-bot/arduinobot_ws/src/install/arduinobot_description/share/arduinobot_description/package.zsh'
[1.728s] Level 1:colcon.colcon_core.environment:create_file_with_runtime_dependencies(/home/fadri/code/ros2/arduino-bot/arduinobot_ws/src/install/arduinobot_description/share/colcon-core/packages/arduinobot_description)
[1.749s] Level 1:colcon.colcon_core.environment:create_environment_scripts_only(arduinobot_description)
[1.757s] Level 1:colcon.colcon_core.environment:checking '/home/fadri/code/ros2/arduino-bot/arduinobot_ws/src/install/arduinobot_description' for CMake module files
[1.757s] Level 1:colcon.colcon_core.environment:checking '/home/fadri/code/ros2/arduino-bot/arduinobot_ws/src/install/arduinobot_description' for CMake config files
[1.757s] Level 1:colcon.colcon_core.shell:create_environment_hook('arduinobot_description', 'cmake_prefix_path')
[1.764s] INFO:colcon.colcon_core.shell:Creating environment hook '/home/fadri/code/ros2/arduino-bot/arduinobot_ws/src/install/arduinobot_description/share/arduinobot_description/hook/cmake_prefix_path.ps1'
[1.765s] INFO:colcon.colcon_core.shell:Creating environment descriptor '/home/fadri/code/ros2/arduino-bot/arduinobot_ws/src/install/arduinobot_description/share/arduinobot_description/hook/cmake_prefix_path.dsv'
[1.765s] INFO:colcon.colcon_core.shell:Creating environment hook '/home/fadri/code/ros2/arduino-bot/arduinobot_ws/src/install/arduinobot_description/share/arduinobot_description/hook/cmake_prefix_path.sh'
[1.765s] Level 1:colcon.colcon_core.environment:checking '/home/fadri/code/ros2/arduino-bot/arduinobot_ws/src/install/arduinobot_description/bin'
[1.765s] Level 1:colcon.colcon_core.environment:checking '/home/fadri/code/ros2/arduino-bot/arduinobot_ws/src/install/arduinobot_description/lib/pkgconfig/arduinobot_description.pc'
[1.765s] Level 1:colcon.colcon_core.environment:checking '/home/fadri/code/ros2/arduino-bot/arduinobot_ws/src/install/arduinobot_description/lib/python3.10/site-packages'
[1.765s] Level 1:colcon.colcon_core.environment:checking '/home/fadri/code/ros2/arduino-bot/arduinobot_ws/src/install/arduinobot_description/bin'
[1.773s] INFO:colcon.colcon_core.shell:Creating package script '/home/fadri/code/ros2/arduino-bot/arduinobot_ws/src/install/arduinobot_description/share/arduinobot_description/package.ps1'
[1.773s] INFO:colcon.colcon_core.shell:Creating package descriptor '/home/fadri/code/ros2/arduino-bot/arduinobot_ws/src/install/arduinobot_description/share/arduinobot_description/package.dsv'
[1.774s] INFO:colcon.colcon_core.shell:Creating package script '/home/fadri/code/ros2/arduino-bot/arduinobot_ws/src/install/arduinobot_description/share/arduinobot_description/package.sh'
[1.774s] INFO:colcon.colcon_core.shell:Creating package script '/home/fadri/code/ros2/arduino-bot/arduinobot_ws/src/install/arduinobot_description/share/arduinobot_description/package.bash'
[1.774s] INFO:colcon.colcon_core.shell:Creating package script '/home/fadri/code/ros2/arduino-bot/arduinobot_ws/src/install/arduinobot_description/share/arduinobot_description/package.zsh'
[1.774s] Level 1:colcon.colcon_core.environment:create_file_with_runtime_dependencies(/home/fadri/code/ros2/arduino-bot/arduinobot_ws/src/install/arduinobot_description/share/colcon-core/packages/arduinobot_description)
[2.244s] DEBUG:colcon.colcon_core.event_handler.log_command:Invoked command in '/home/fadri/code/ros2/arduino-bot/arduinobot_ws/src/build/arduinobot_msgs' returned '0': CMAKE_PREFIX_PATH=/opt/ros/iron /usr/bin/cmake /home/fadri/code/ros2/arduino-bot/arduinobot_ws/src/arduinobot_msgs -DCMAKE_INSTALL_PREFIX=/home/fadri/code/ros2/arduino-bot/arduinobot_ws/src/install/arduinobot_msgs
[2.246s] DEBUG:colcon.colcon_core.event_handler.log_command:Invoking command in '/home/fadri/code/ros2/arduino-bot/arduinobot_ws/src/build/arduinobot_msgs': CMAKE_PREFIX_PATH=/opt/ros/iron /usr/bin/cmake --build /home/fadri/code/ros2/arduino-bot/arduinobot_ws/src/build/arduinobot_msgs -- -j12 -l12
[4.139s] DEBUG:colcon.colcon_core.event_handler.log_command:Invoked command in '/home/fadri/code/ros2/arduino-bot/arduinobot_ws/src/build/arduinobot_msgs' returned '0': CMAKE_PREFIX_PATH=/opt/ros/iron /usr/bin/cmake --build /home/fadri/code/ros2/arduino-bot/arduinobot_ws/src/build/arduinobot_msgs -- -j12 -l12
[4.170s] DEBUG:colcon.colcon_core.event_handler.log_command:Invoking command in '/home/fadri/code/ros2/arduino-bot/arduinobot_ws/src/build/arduinobot_msgs': CMAKE_PREFIX_PATH=/opt/ros/iron /usr/bin/cmake --install /home/fadri/code/ros2/arduino-bot/arduinobot_ws/src/build/arduinobot_msgs
[4.217s] Level 1:colcon.colcon_core.environment:create_environment_scripts_only(arduinobot_msgs)
[4.218s] DEBUG:colcon.colcon_core.event_handler.log_command:Invoked command in '/home/fadri/code/ros2/arduino-bot/arduinobot_ws/src/build/arduinobot_msgs' returned '0': CMAKE_PREFIX_PATH=/opt/ros/iron /usr/bin/cmake --install /home/fadri/code/ros2/arduino-bot/arduinobot_ws/src/build/arduinobot_msgs
[4.227s] Level 1:colcon.colcon_core.environment:checking '/home/fadri/code/ros2/arduino-bot/arduinobot_ws/src/install/arduinobot_msgs' for CMake module files
[4.227s] Level 1:colcon.colcon_core.environment:checking '/home/fadri/code/ros2/arduino-bot/arduinobot_ws/src/install/arduinobot_msgs' for CMake config files
[4.227s] Level 1:colcon.colcon_core.shell:create_environment_hook('arduinobot_msgs', 'cmake_prefix_path')
[4.234s] INFO:colcon.colcon_core.shell:Creating environment hook '/home/fadri/code/ros2/arduino-bot/arduinobot_ws/src/install/arduinobot_msgs/share/arduinobot_msgs/hook/cmake_prefix_path.ps1'
[4.234s] INFO:colcon.colcon_core.shell:Creating environment descriptor '/home/fadri/code/ros2/arduino-bot/arduinobot_ws/src/install/arduinobot_msgs/share/arduinobot_msgs/hook/cmake_prefix_path.dsv'
[4.234s] INFO:colcon.colcon_core.shell:Creating environment hook '/home/fadri/code/ros2/arduino-bot/arduinobot_ws/src/install/arduinobot_msgs/share/arduinobot_msgs/hook/cmake_prefix_path.sh'
[4.234s] Level 1:colcon.colcon_core.environment:checking '/home/fadri/code/ros2/arduino-bot/arduinobot_ws/src/install/arduinobot_msgs/lib'
[4.235s] Level 1:colcon.colcon_core.shell:create_environment_hook('arduinobot_msgs', 'ld_library_path_lib')
[4.242s] INFO:colcon.colcon_core.shell:Creating environment hook '/home/fadri/code/ros2/arduino-bot/arduinobot_ws/src/install/arduinobot_msgs/share/arduinobot_msgs/hook/ld_library_path_lib.ps1'
[4.242s] INFO:colcon.colcon_core.shell:Creating environment descriptor '/home/fadri/code/ros2/arduino-bot/arduinobot_ws/src/install/arduinobot_msgs/share/arduinobot_msgs/hook/ld_library_path_lib.dsv'
[4.242s] INFO:colcon.colcon_core.shell:Creating environment hook '/home/fadri/code/ros2/arduino-bot/arduinobot_ws/src/install/arduinobot_msgs/share/arduinobot_msgs/hook/ld_library_path_lib.sh'
[4.243s] Level 1:colcon.colcon_core.environment:checking '/home/fadri/code/ros2/arduino-bot/arduinobot_ws/src/install/arduinobot_msgs/bin'
[4.243s] Level 1:colcon.colcon_core.environment:checking '/home/fadri/code/ros2/arduino-bot/arduinobot_ws/src/install/arduinobot_msgs/lib/pkgconfig/arduinobot_msgs.pc'
[4.243s] Level 1:colcon.colcon_core.environment:checking '/home/fadri/code/ros2/arduino-bot/arduinobot_ws/src/install/arduinobot_msgs/lib/python3.10/site-packages'
[4.243s] Level 1:colcon.colcon_core.shell:create_environment_hook('arduinobot_msgs', 'pythonpath')
[4.250s] INFO:colcon.colcon_core.shell:Creating environment hook '/home/fadri/code/ros2/arduino-bot/arduinobot_ws/src/install/arduinobot_msgs/share/arduinobot_msgs/hook/pythonpath.ps1'
[4.250s] INFO:colcon.colcon_core.shell:Creating environment descriptor '/home/fadri/code/ros2/arduino-bot/arduinobot_ws/src/install/arduinobot_msgs/share/arduinobot_msgs/hook/pythonpath.dsv'
[4.251s] INFO:colcon.colcon_core.shell:Creating environment hook '/home/fadri/code/ros2/arduino-bot/arduinobot_ws/src/install/arduinobot_msgs/share/arduinobot_msgs/hook/pythonpath.sh'
[4.251s] Level 1:colcon.colcon_core.environment:checking '/home/fadri/code/ros2/arduino-bot/arduinobot_ws/src/install/arduinobot_msgs/bin'
[4.258s] INFO:colcon.colcon_core.shell:Creating package script '/home/fadri/code/ros2/arduino-bot/arduinobot_ws/src/install/arduinobot_msgs/share/arduinobot_msgs/package.ps1'
[4.258s] INFO:colcon.colcon_core.shell:Creating package descriptor '/home/fadri/code/ros2/arduino-bot/arduinobot_ws/src/install/arduinobot_msgs/share/arduinobot_msgs/package.dsv'
[4.259s] INFO:colcon.colcon_core.shell:Creating package script '/home/fadri/code/ros2/arduino-bot/arduinobot_ws/src/install/arduinobot_msgs/share/arduinobot_msgs/package.sh'
[4.259s] INFO:colcon.colcon_core.shell:Creating package script '/home/fadri/code/ros2/arduino-bot/arduinobot_ws/src/install/arduinobot_msgs/share/arduinobot_msgs/package.bash'
[4.259s] INFO:colcon.colcon_core.shell:Creating package script '/home/fadri/code/ros2/arduino-bot/arduinobot_ws/src/install/arduinobot_msgs/share/arduinobot_msgs/package.zsh'
[4.259s] Level 1:colcon.colcon_core.environment:create_file_with_runtime_dependencies(/home/fadri/code/ros2/arduino-bot/arduinobot_ws/src/install/arduinobot_msgs/share/colcon-core/packages/arduinobot_msgs)
[4.299s] Level 1:colcon.colcon_core.environment:create_environment_scripts_only(arduinobot_msgs)
[4.306s] Level 1:colcon.colcon_core.environment:checking '/home/fadri/code/ros2/arduino-bot/arduinobot_ws/src/install/arduinobot_msgs' for CMake module files
[4.306s] Level 1:colcon.colcon_core.environment:checking '/home/fadri/code/ros2/arduino-bot/arduinobot_ws/src/install/arduinobot_msgs' for CMake config files
[4.307s] Level 1:colcon.colcon_core.shell:create_environment_hook('arduinobot_msgs', 'cmake_prefix_path')
[4.314s] INFO:colcon.colcon_core.shell:Creating environment hook '/home/fadri/code/ros2/arduino-bot/arduinobot_ws/src/install/arduinobot_msgs/share/arduinobot_msgs/hook/cmake_prefix_path.ps1'
[4.314s] INFO:colcon.colcon_core.shell:Creating environment descriptor '/home/fadri/code/ros2/arduino-bot/arduinobot_ws/src/install/arduinobot_msgs/share/arduinobot_msgs/hook/cmake_prefix_path.dsv'
[4.314s] INFO:colcon.colcon_core.shell:Creating environment hook '/home/fadri/code/ros2/arduino-bot/arduinobot_ws/src/install/arduinobot_msgs/share/arduinobot_msgs/hook/cmake_prefix_path.sh'
[4.315s] Level 1:colcon.colcon_core.environment:checking '/home/fadri/code/ros2/arduino-bot/arduinobot_ws/src/install/arduinobot_msgs/lib'
[4.315s] Level 1:colcon.colcon_core.shell:create_environment_hook('arduinobot_msgs', 'ld_library_path_lib')
[4.321s] INFO:colcon.colcon_core.shell:Creating environment hook '/home/fadri/code/ros2/arduino-bot/arduinobot_ws/src/install/arduinobot_msgs/share/arduinobot_msgs/hook/ld_library_path_lib.ps1'
[4.321s] INFO:colcon.colcon_core.shell:Creating environment descriptor '/home/fadri/code/ros2/arduino-bot/arduinobot_ws/src/install/arduinobot_msgs/share/arduinobot_msgs/hook/ld_library_path_lib.dsv'
[4.321s] INFO:colcon.colcon_core.shell:Creating environment hook '/home/fadri/code/ros2/arduino-bot/arduinobot_ws/src/install/arduinobot_msgs/share/arduinobot_msgs/hook/ld_library_path_lib.sh'
[4.322s] Level 1:colcon.colcon_core.environment:checking '/home/fadri/code/ros2/arduino-bot/arduinobot_ws/src/install/arduinobot_msgs/bin'
[4.322s] Level 1:colcon.colcon_core.environment:checking '/home/fadri/code/ros2/arduino-bot/arduinobot_ws/src/install/arduinobot_msgs/lib/pkgconfig/arduinobot_msgs.pc'
[4.322s] Level 1:colcon.colcon_core.environment:checking '/home/fadri/code/ros2/arduino-bot/arduinobot_ws/src/install/arduinobot_msgs/lib/python3.10/site-packages'
[4.322s] Level 1:colcon.colcon_core.shell:create_environment_hook('arduinobot_msgs', 'pythonpath')
[4.329s] INFO:colcon.colcon_core.shell:Creating environment hook '/home/fadri/code/ros2/arduino-bot/arduinobot_ws/src/install/arduinobot_msgs/share/arduinobot_msgs/hook/pythonpath.ps1'
[4.330s] INFO:colcon.colcon_core.shell:Creating environment descriptor '/home/fadri/code/ros2/arduino-bot/arduinobot_ws/src/install/arduinobot_msgs/share/arduinobot_msgs/hook/pythonpath.dsv'
[4.330s] INFO:colcon.colcon_core.shell:Creating environment hook '/home/fadri/code/ros2/arduino-bot/arduinobot_ws/src/install/arduinobot_msgs/share/arduinobot_msgs/hook/pythonpath.sh'
[4.330s] Level 1:colcon.colcon_core.environment:checking '/home/fadri/code/ros2/arduino-bot/arduinobot_ws/src/install/arduinobot_msgs/bin'
[4.337s] INFO:colcon.colcon_core.shell:Creating package script '/home/fadri/code/ros2/arduino-bot/arduinobot_ws/src/install/arduinobot_msgs/share/arduinobot_msgs/package.ps1'
[4.337s] INFO:colcon.colcon_core.shell:Creating package descriptor '/home/fadri/code/ros2/arduino-bot/arduinobot_ws/src/install/arduinobot_msgs/share/arduinobot_msgs/package.dsv'
[4.337s] INFO:colcon.colcon_core.shell:Creating package script '/home/fadri/code/ros2/arduino-bot/arduinobot_ws/src/install/arduinobot_msgs/share/arduinobot_msgs/package.sh'
[4.337s] INFO:colcon.colcon_core.shell:Creating package script '/home/fadri/code/ros2/arduino-bot/arduinobot_ws/src/install/arduinobot_msgs/share/arduinobot_msgs/package.bash'
[4.338s] INFO:colcon.colcon_core.shell:Creating package script '/home/fadri/code/ros2/arduino-bot/arduinobot_ws/src/install/arduinobot_msgs/share/arduinobot_msgs/package.zsh'
[4.338s] Level 1:colcon.colcon_core.environment:create_file_with_runtime_dependencies(/home/fadri/code/ros2/arduino-bot/arduinobot_ws/src/install/arduinobot_msgs/share/colcon-core/packages/arduinobot_msgs)
[4.338s] INFO:colcon.colcon_ros.task.ament_cmake.build:Building ROS package in '/home/fadri/code/ros2/arduino-bot/arduinobot_ws/src/arduinobot_cpp_examples' with build type 'ament_cmake'
[4.338s] INFO:colcon.colcon_cmake.task.cmake.build:Building CMake package in '/home/fadri/code/ros2/arduino-bot/arduinobot_ws/src/arduinobot_cpp_examples'
[4.347s] INFO:colcon.colcon_core.shell:Skip shell extension 'powershell' for command environment: Not usable outside of PowerShell
[4.347s] DEBUG:colcon.colcon_core.shell:Skip shell extension 'dsv' for command environment
[4.364s] INFO:colcon.colcon_ros.task.ament_python.build:Building ROS package in '/home/fadri/code/ros2/arduino-bot/arduinobot_ws/src/arduinobot_py_examples' with build type 'ament_python'
[4.364s] Level 1:colcon.colcon_core.shell:create_environment_hook('arduinobot_py_examples', 'ament_prefix_path')
[4.372s] INFO:colcon.colcon_core.shell:Creating environment hook '/home/fadri/code/ros2/arduino-bot/arduinobot_ws/src/install/arduinobot_py_examples/share/arduinobot_py_examples/hook/ament_prefix_path.ps1'
[4.372s] INFO:colcon.colcon_core.shell:Creating environment descriptor '/home/fadri/code/ros2/arduino-bot/arduinobot_ws/src/install/arduinobot_py_examples/share/arduinobot_py_examples/hook/ament_prefix_path.dsv'
[4.372s] INFO:colcon.colcon_core.shell:Creating environment hook '/home/fadri/code/ros2/arduino-bot/arduinobot_ws/src/install/arduinobot_py_examples/share/arduinobot_py_examples/hook/ament_prefix_path.sh'
[4.381s] INFO:colcon.colcon_core.shell:Skip shell extension 'powershell' for command environment: Not usable outside of PowerShell
[4.381s] DEBUG:colcon.colcon_core.shell:Skip shell extension 'dsv' for command environment
[4.400s] DEBUG:colcon.colcon_core.event_handler.log_command:Invoking command in '/home/fadri/code/ros2/arduino-bot/arduinobot_ws/src/build/arduinobot_cpp_examples': AMENT_PREFIX_PATH=/home/fadri/code/ros2/arduino-bot/arduinobot_ws/src/install/arduinobot_msgs:${AMENT_PREFIX_PATH} CMAKE_PREFIX_PATH=/home/fadri/code/ros2/arduino-bot/arduinobot_ws/src/install/arduinobot_msgs:/opt/ros/iron LD_LIBRARY_PATH=/home/fadri/code/ros2/arduino-bot/arduinobot_ws/src/install/arduinobot_msgs/lib:${LD_LIBRARY_PATH} PYTHONPATH=/home/fadri/code/ros2/arduino-bot/arduinobot_ws/src/install/arduinobot_msgs/lib/python3.10/site-packages:${PYTHONPATH} /usr/bin/cmake /home/fadri/code/ros2/arduino-bot/arduinobot_ws/src/arduinobot_cpp_examples -DCMAKE_INSTALL_PREFIX=/home/fadri/code/ros2/arduino-bot/arduinobot_ws/src/install/arduinobot_cpp_examples
[4.560s] INFO:colcon.colcon_core.task.python.build:Building Python package in '/home/fadri/code/ros2/arduino-bot/arduinobot_ws/src/arduinobot_py_examples'
[4.568s] INFO:colcon.colcon_core.shell:Skip shell extension 'powershell' for command environment: Not usable outside of PowerShell
[4.568s] DEBUG:colcon.colcon_core.shell:Skip shell extension 'dsv' for command environment
[4.908s] DEBUG:colcon.colcon_core.event_handler.log_command:Invoking command in '/home/fadri/code/ros2/arduino-bot/arduinobot_ws/src/arduinobot_py_examples': AMENT_PREFIX_PATH=/home/fadri/code/ros2/arduino-bot/arduinobot_ws/src/install/arduinobot_msgs:${AMENT_PREFIX_PATH} CMAKE_PREFIX_PATH=/home/fadri/code/ros2/arduino-bot/arduinobot_ws/src/install/arduinobot_msgs LD_LIBRARY_PATH=/home/fadri/code/ros2/arduino-bot/arduinobot_ws/src/install/arduinobot_msgs/lib:${LD_LIBRARY_PATH} PYTHONPATH=/home/fadri/code/ros2/arduino-bot/arduinobot_ws/src/build/arduinobot_py_examples/prefix_override:/home/fadri/code/ros2/arduino-bot/arduinobot_ws/src/install/arduinobot_py_examples/lib/python3.10/site-packages:/home/fadri/code/ros2/arduino-bot/arduinobot_ws/src/install/arduinobot_msgs/lib/python3.10/site-packages:${PYTHONPATH} /usr/bin/python3 setup.py egg_info --egg-base ../build/arduinobot_py_examples build --build-base /home/fadri/code/ros2/arduino-bot/arduinobot_ws/src/build/arduinobot_py_examples/build install --record /home/fadri/code/ros2/arduino-bot/arduinobot_ws/src/build/arduinobot_py_examples/install.log --single-version-externally-managed
[5.089s] DEBUG:colcon.colcon_core.event_handler.log_command:Invoked command in '/home/fadri/code/ros2/arduino-bot/arduinobot_ws/src/arduinobot_py_examples' returned '0': AMENT_PREFIX_PATH=/home/fadri/code/ros2/arduino-bot/arduinobot_ws/src/install/arduinobot_msgs:${AMENT_PREFIX_PATH} CMAKE_PREFIX_PATH=/home/fadri/code/ros2/arduino-bot/arduinobot_ws/src/install/arduinobot_msgs LD_LIBRARY_PATH=/home/fadri/code/ros2/arduino-bot/arduinobot_ws/src/install/arduinobot_msgs/lib:${LD_LIBRARY_PATH} PYTHONPATH=/home/fadri/code/ros2/arduino-bot/arduinobot_ws/src/build/arduinobot_py_examples/prefix_override:/home/fadri/code/ros2/arduino-bot/arduinobot_ws/src/install/arduinobot_py_examples/lib/python3.10/site-packages:/home/fadri/code/ros2/arduino-bot/arduinobot_ws/src/install/arduinobot_msgs/lib/python3.10/site-packages:${PYTHONPATH} /usr/bin/python3 setup.py egg_info --egg-base ../build/arduinobot_py_examples build --build-base /home/fadri/code/ros2/arduino-bot/arduinobot_ws/src/build/arduinobot_py_examples/build install --record /home/fadri/code/ros2/arduino-bot/arduinobot_ws/src/build/arduinobot_py_examples/install.log --single-version-externally-managed
[5.100s] Level 1:colcon.colcon_core.environment:checking '/home/fadri/code/ros2/arduino-bot/arduinobot_ws/src/install/arduinobot_py_examples' for CMake module files
[5.100s] Level 1:colcon.colcon_core.environment:checking '/home/fadri/code/ros2/arduino-bot/arduinobot_ws/src/install/arduinobot_py_examples' for CMake config files
[5.101s] Level 1:colcon.colcon_core.environment:checking '/home/fadri/code/ros2/arduino-bot/arduinobot_ws/src/install/arduinobot_py_examples/lib'
[5.101s] Level 1:colcon.colcon_core.environment:checking '/home/fadri/code/ros2/arduino-bot/arduinobot_ws/src/install/arduinobot_py_examples/bin'
[5.101s] Level 1:colcon.colcon_core.environment:checking '/home/fadri/code/ros2/arduino-bot/arduinobot_ws/src/install/arduinobot_py_examples/lib/pkgconfig/arduinobot_py_examples.pc'
[5.101s] Level 1:colcon.colcon_core.environment:checking '/home/fadri/code/ros2/arduino-bot/arduinobot_ws/src/install/arduinobot_py_examples/lib/python3.10/site-packages'
[5.101s] Level 1:colcon.colcon_core.shell:create_environment_hook('arduinobot_py_examples', 'pythonpath')
[5.109s] INFO:colcon.colcon_core.shell:Creating environment hook '/home/fadri/code/ros2/arduino-bot/arduinobot_ws/src/install/arduinobot_py_examples/share/arduinobot_py_examples/hook/pythonpath.ps1'
[5.109s] INFO:colcon.colcon_core.shell:Creating environment descriptor '/home/fadri/code/ros2/arduino-bot/arduinobot_ws/src/install/arduinobot_py_examples/share/arduinobot_py_examples/hook/pythonpath.dsv'
[5.109s] INFO:colcon.colcon_core.shell:Creating environment hook '/home/fadri/code/ros2/arduino-bot/arduinobot_ws/src/install/arduinobot_py_examples/share/arduinobot_py_examples/hook/pythonpath.sh'
[5.110s] Level 1:colcon.colcon_core.environment:checking '/home/fadri/code/ros2/arduino-bot/arduinobot_ws/src/install/arduinobot_py_examples/bin'
[5.110s] Level 1:colcon.colcon_core.environment:create_environment_scripts_only(arduinobot_py_examples)
[5.117s] INFO:colcon.colcon_core.shell:Creating package script '/home/fadri/code/ros2/arduino-bot/arduinobot_ws/src/install/arduinobot_py_examples/share/arduinobot_py_examples/package.ps1'
[5.118s] INFO:colcon.colcon_core.shell:Creating package descriptor '/home/fadri/code/ros2/arduino-bot/arduinobot_ws/src/install/arduinobot_py_examples/share/arduinobot_py_examples/package.dsv'
[5.118s] INFO:colcon.colcon_core.shell:Creating package script '/home/fadri/code/ros2/arduino-bot/arduinobot_ws/src/install/arduinobot_py_examples/share/arduinobot_py_examples/package.sh'
[5.118s] INFO:colcon.colcon_core.shell:Creating package script '/home/fadri/code/ros2/arduino-bot/arduinobot_ws/src/install/arduinobot_py_examples/share/arduinobot_py_examples/package.bash'
[5.119s] INFO:colcon.colcon_core.shell:Creating package script '/home/fadri/code/ros2/arduino-bot/arduinobot_ws/src/install/arduinobot_py_examples/share/arduinobot_py_examples/package.zsh'
[5.119s] Level 1:colcon.colcon_core.environment:create_file_with_runtime_dependencies(/home/fadri/code/ros2/arduino-bot/arduinobot_ws/src/install/arduinobot_py_examples/share/colcon-core/packages/arduinobot_py_examples)
[5.352s] DEBUG:colcon.colcon_core.event_handler.log_command:Invoked command in '/home/fadri/code/ros2/arduino-bot/arduinobot_ws/src/build/arduinobot_cpp_examples' returned '0': AMENT_PREFIX_PATH=/home/fadri/code/ros2/arduino-bot/arduinobot_ws/src/install/arduinobot_msgs:${AMENT_PREFIX_PATH} CMAKE_PREFIX_PATH=/home/fadri/code/ros2/arduino-bot/arduinobot_ws/src/install/arduinobot_msgs:/opt/ros/iron LD_LIBRARY_PATH=/home/fadri/code/ros2/arduino-bot/arduinobot_ws/src/install/arduinobot_msgs/lib:${LD_LIBRARY_PATH} PYTHONPATH=/home/fadri/code/ros2/arduino-bot/arduinobot_ws/src/install/arduinobot_msgs/lib/python3.10/site-packages:${PYTHONPATH} /usr/bin/cmake /home/fadri/code/ros2/arduino-bot/arduinobot_ws/src/arduinobot_cpp_examples -DCMAKE_INSTALL_PREFIX=/home/fadri/code/ros2/arduino-bot/arduinobot_ws/src/install/arduinobot_cpp_examples
[5.354s] DEBUG:colcon.colcon_core.event_handler.log_command:Invoking command in '/home/fadri/code/ros2/arduino-bot/arduinobot_ws/src/build/arduinobot_cpp_examples': AMENT_PREFIX_PATH=/home/fadri/code/ros2/arduino-bot/arduinobot_ws/src/install/arduinobot_msgs:${AMENT_PREFIX_PATH} CMAKE_PREFIX_PATH=/home/fadri/code/ros2/arduino-bot/arduinobot_ws/src/install/arduinobot_msgs:/opt/ros/iron LD_LIBRARY_PATH=/home/fadri/code/ros2/arduino-bot/arduinobot_ws/src/install/arduinobot_msgs/lib:${LD_LIBRARY_PATH} PYTHONPATH=/home/fadri/code/ros2/arduino-bot/arduinobot_ws/src/install/arduinobot_msgs/lib/python3.10/site-packages:${PYTHONPATH} /usr/bin/cmake --build /home/fadri/code/ros2/arduino-bot/arduinobot_ws/src/build/arduinobot_cpp_examples -- -j12 -l12
[10.604s] DEBUG:colcon.colcon_core.event_handler.log_command:Invoked command in '/home/fadri/code/ros2/arduino-bot/arduinobot_ws/src/build/arduinobot_cpp_examples' returned '0': AMENT_PREFIX_PATH=/home/fadri/code/ros2/arduino-bot/arduinobot_ws/src/install/arduinobot_msgs:${AMENT_PREFIX_PATH} CMAKE_PREFIX_PATH=/home/fadri/code/ros2/arduino-bot/arduinobot_ws/src/install/arduinobot_msgs:/opt/ros/iron LD_LIBRARY_PATH=/home/fadri/code/ros2/arduino-bot/arduinobot_ws/src/install/arduinobot_msgs/lib:${LD_LIBRARY_PATH} PYTHONPATH=/home/fadri/code/ros2/arduino-bot/arduinobot_ws/src/install/arduinobot_msgs/lib/python3.10/site-packages:${PYTHONPATH} /usr/bin/cmake --build /home/fadri/code/ros2/arduino-bot/arduinobot_ws/src/build/arduinobot_cpp_examples -- -j12 -l12
[10.623s] DEBUG:colcon.colcon_core.event_handler.log_command:Invoking command in '/home/fadri/code/ros2/arduino-bot/arduinobot_ws/src/build/arduinobot_cpp_examples': AMENT_PREFIX_PATH=/home/fadri/code/ros2/arduino-bot/arduinobot_ws/src/install/arduinobot_msgs:${AMENT_PREFIX_PATH} CMAKE_PREFIX_PATH=/home/fadri/code/ros2/arduino-bot/arduinobot_ws/src/install/arduinobot_msgs:/opt/ros/iron LD_LIBRARY_PATH=/home/fadri/code/ros2/arduino-bot/arduinobot_ws/src/install/arduinobot_msgs/lib:${LD_LIBRARY_PATH} PYTHONPATH=/home/fadri/code/ros2/arduino-bot/arduinobot_ws/src/install/arduinobot_msgs/lib/python3.10/site-packages:${PYTHONPATH} /usr/bin/cmake --install /home/fadri/code/ros2/arduino-bot/arduinobot_ws/src/build/arduinobot_cpp_examples
[10.635s] Level 1:colcon.colcon_core.environment:create_environment_scripts_only(arduinobot_cpp_examples)
[10.636s] DEBUG:colcon.colcon_core.event_handler.log_command:Invoked command in '/home/fadri/code/ros2/arduino-bot/arduinobot_ws/src/build/arduinobot_cpp_examples' returned '0': AMENT_PREFIX_PATH=/home/fadri/code/ros2/arduino-bot/arduinobot_ws/src/install/arduinobot_msgs:${AMENT_PREFIX_PATH} CMAKE_PREFIX_PATH=/home/fadri/code/ros2/arduino-bot/arduinobot_ws/src/install/arduinobot_msgs:/opt/ros/iron LD_LIBRARY_PATH=/home/fadri/code/ros2/arduino-bot/arduinobot_ws/src/install/arduinobot_msgs/lib:${LD_LIBRARY_PATH} PYTHONPATH=/home/fadri/code/ros2/arduino-bot/arduinobot_ws/src/install/arduinobot_msgs/lib/python3.10/site-packages:${PYTHONPATH} /usr/bin/cmake --install /home/fadri/code/ros2/arduino-bot/arduinobot_ws/src/build/arduinobot_cpp_examples
[10.644s] Level 1:colcon.colcon_core.environment:checking '/home/fadri/code/ros2/arduino-bot/arduinobot_ws/src/install/arduinobot_cpp_examples' for CMake module files
[10.644s] Level 1:colcon.colcon_core.environment:checking '/home/fadri/code/ros2/arduino-bot/arduinobot_ws/src/install/arduinobot_cpp_examples' for CMake config files
[10.644s] Level 1:colcon.colcon_core.shell:create_environment_hook('arduinobot_cpp_examples', 'cmake_prefix_path')
[10.652s] INFO:colcon.colcon_core.shell:Creating environment hook '/home/fadri/code/ros2/arduino-bot/arduinobot_ws/src/install/arduinobot_cpp_examples/share/arduinobot_cpp_examples/hook/cmake_prefix_path.ps1'
[10.652s] INFO:colcon.colcon_core.shell:Creating environment descriptor '/home/fadri/code/ros2/arduino-bot/arduinobot_ws/src/install/arduinobot_cpp_examples/share/arduinobot_cpp_examples/hook/cmake_prefix_path.dsv'
[10.653s] INFO:colcon.colcon_core.shell:Creating environment hook '/home/fadri/code/ros2/arduino-bot/arduinobot_ws/src/install/arduinobot_cpp_examples/share/arduinobot_cpp_examples/hook/cmake_prefix_path.sh'
[10.653s] Level 1:colcon.colcon_core.environment:checking '/home/fadri/code/ros2/arduino-bot/arduinobot_ws/src/install/arduinobot_cpp_examples/lib'
[10.653s] Level 1:colcon.colcon_core.environment:checking '/home/fadri/code/ros2/arduino-bot/arduinobot_ws/src/install/arduinobot_cpp_examples/bin'
[10.653s] Level 1:colcon.colcon_core.environment:checking '/home/fadri/code/ros2/arduino-bot/arduinobot_ws/src/install/arduinobot_cpp_examples/lib/pkgconfig/arduinobot_cpp_examples.pc'
[10.653s] Level 1:colcon.colcon_core.environment:checking '/home/fadri/code/ros2/arduino-bot/arduinobot_ws/src/install/arduinobot_cpp_examples/lib/python3.10/site-packages'
[10.653s] Level 1:colcon.colcon_core.environment:checking '/home/fadri/code/ros2/arduino-bot/arduinobot_ws/src/install/arduinobot_cpp_examples/bin'
[10.660s] INFO:colcon.colcon_core.shell:Creating package script '/home/fadri/code/ros2/arduino-bot/arduinobot_ws/src/install/arduinobot_cpp_examples/share/arduinobot_cpp_examples/package.ps1'
[10.660s] INFO:colcon.colcon_core.shell:Creating package descriptor '/home/fadri/code/ros2/arduino-bot/arduinobot_ws/src/install/arduinobot_cpp_examples/share/arduinobot_cpp_examples/package.dsv'
[10.661s] INFO:colcon.colcon_core.shell:Creating package script '/home/fadri/code/ros2/arduino-bot/arduinobot_ws/src/install/arduinobot_cpp_examples/share/arduinobot_cpp_examples/package.sh'
[10.661s] INFO:colcon.colcon_core.shell:Creating package script '/home/fadri/code/ros2/arduino-bot/arduinobot_ws/src/install/arduinobot_cpp_examples/share/arduinobot_cpp_examples/package.bash'
[10.661s] INFO:colcon.colcon_core.shell:Creating package script '/home/fadri/code/ros2/arduino-bot/arduinobot_ws/src/install/arduinobot_cpp_examples/share/arduinobot_cpp_examples/package.zsh'
[10.661s] Level 1:colcon.colcon_core.environment:create_file_with_runtime_dependencies(/home/fadri/code/ros2/arduino-bot/arduinobot_ws/src/install/arduinobot_cpp_examples/share/colcon-core/packages/arduinobot_cpp_examples)
[10.686s] Level 1:colcon.colcon_core.environment:create_environment_scripts_only(arduinobot_cpp_examples)
[10.693s] Level 1:colcon.colcon_core.environment:checking '/home/fadri/code/ros2/arduino-bot/arduinobot_ws/src/install/arduinobot_cpp_examples' for CMake module files
[10.693s] Level 1:colcon.colcon_core.environment:checking '/home/fadri/code/ros2/arduino-bot/arduinobot_ws/src/install/arduinobot_cpp_examples' for CMake config files
[10.693s] Level 1:colcon.colcon_core.shell:create_environment_hook('arduinobot_cpp_examples', 'cmake_prefix_path')
[10.701s] INFO:colcon.colcon_core.shell:Creating environment hook '/home/fadri/code/ros2/arduino-bot/arduinobot_ws/src/install/arduinobot_cpp_examples/share/arduinobot_cpp_examples/hook/cmake_prefix_path.ps1'
[10.701s] INFO:colcon.colcon_core.shell:Creating environment descriptor '/home/fadri/code/ros2/arduino-bot/arduinobot_ws/src/install/arduinobot_cpp_examples/share/arduinobot_cpp_examples/hook/cmake_prefix_path.dsv'
[10.701s] INFO:colcon.colcon_core.shell:Creating environment hook '/home/fadri/code/ros2/arduino-bot/arduinobot_ws/src/install/arduinobot_cpp_examples/share/arduinobot_cpp_examples/hook/cmake_prefix_path.sh'
[10.702s] Level 1:colcon.colcon_core.environment:checking '/home/fadri/code/ros2/arduino-bot/arduinobot_ws/src/install/arduinobot_cpp_examples/lib'
[10.702s] Level 1:colcon.colcon_core.environment:checking '/home/fadri/code/ros2/arduino-bot/arduinobot_ws/src/install/arduinobot_cpp_examples/bin'
[10.702s] Level 1:colcon.colcon_core.environment:checking '/home/fadri/code/ros2/arduino-bot/arduinobot_ws/src/install/arduinobot_cpp_examples/lib/pkgconfig/arduinobot_cpp_examples.pc'
[10.702s] Level 1:colcon.colcon_core.environment:checking '/home/fadri/code/ros2/arduino-bot/arduinobot_ws/src/install/arduinobot_cpp_examples/lib/python3.10/site-packages'
[10.702s] Level 1:colcon.colcon_core.environment:checking '/home/fadri/code/ros2/arduino-bot/arduinobot_ws/src/install/arduinobot_cpp_examples/bin'
[10.709s] INFO:colcon.colcon_core.shell:Creating package script '/home/fadri/code/ros2/arduino-bot/arduinobot_ws/src/install/arduinobot_cpp_examples/share/arduinobot_cpp_examples/package.ps1'
[10.709s] INFO:colcon.colcon_core.shell:Creating package descriptor '/home/fadri/code/ros2/arduino-bot/arduinobot_ws/src/install/arduinobot_cpp_examples/share/arduinobot_cpp_examples/package.dsv'
[10.709s] INFO:colcon.colcon_core.shell:Creating package script '/home/fadri/code/ros2/arduino-bot/arduinobot_ws/src/install/arduinobot_cpp_examples/share/arduinobot_cpp_examples/package.sh'
[10.709s] INFO:colcon.colcon_core.shell:Creating package script '/home/fadri/code/ros2/arduino-bot/arduinobot_ws/src/install/arduinobot_cpp_examples/share/arduinobot_cpp_examples/package.bash'
[10.709s] INFO:colcon.colcon_core.shell:Creating package script '/home/fadri/code/ros2/arduino-bot/arduinobot_ws/src/install/arduinobot_cpp_examples/share/arduinobot_cpp_examples/package.zsh'
[10.710s] Level 1:colcon.colcon_core.environment:create_file_with_runtime_dependencies(/home/fadri/code/ros2/arduino-bot/arduinobot_ws/src/install/arduinobot_cpp_examples/share/colcon-core/packages/arduinobot_cpp_examples)
[10.710s] DEBUG:colcon.colcon_parallel_executor.executor.parallel:closing loop
[10.710s] DEBUG:colcon.colcon_parallel_executor.executor.parallel:loop closed
[10.710s] DEBUG:colcon.colcon_parallel_executor.executor.parallel:run_until_complete finished with '0'
[10.710s] DEBUG:colcon.colcon_core.event_reactor:joining thread
[10.725s] INFO:colcon.colcon_core.plugin_system:Skipping extension 'colcon_notification.desktop_notification.terminal_notifier': Not used on non-Darwin systems
[10.725s] INFO:colcon.colcon_core.plugin_system:Skipping extension 'colcon_notification.desktop_notification.win32': Not used on non-Windows systems
[10.725s] INFO:colcon.colcon_notification.desktop_notification:Sending desktop notification using 'notify2'
[10.734s] DEBUG:colcon.colcon_core.event_reactor:joined thread
[10.741s] INFO:colcon.colcon_core.shell:Creating prefix script '/home/fadri/code/ros2/arduino-bot/arduinobot_ws/src/install/local_setup.ps1'
[10.742s] INFO:colcon.colcon_core.shell:Creating prefix util module '/home/fadri/code/ros2/arduino-bot/arduinobot_ws/src/install/_local_setup_util_ps1.py'
[10.742s] INFO:colcon.colcon_core.shell:Creating prefix chain script '/home/fadri/code/ros2/arduino-bot/arduinobot_ws/src/install/setup.ps1'
[10.750s] INFO:colcon.colcon_core.shell:Creating prefix script '/home/fadri/code/ros2/arduino-bot/arduinobot_ws/src/install/local_setup.sh'
[10.751s] INFO:colcon.colcon_core.shell:Creating prefix util module '/home/fadri/code/ros2/arduino-bot/arduinobot_ws/src/install/_local_setup_util_sh.py'
[10.751s] INFO:colcon.colcon_core.shell:Creating prefix chain script '/home/fadri/code/ros2/arduino-bot/arduinobot_ws/src/install/setup.sh'
[10.759s] INFO:colcon.colcon_core.shell:Creating prefix script '/home/fadri/code/ros2/arduino-bot/arduinobot_ws/src/install/local_setup.bash'
[10.759s] INFO:colcon.colcon_core.shell:Creating prefix chain script '/home/fadri/code/ros2/arduino-bot/arduinobot_ws/src/install/setup.bash'
[10.767s] INFO:colcon.colcon_core.shell:Creating prefix script '/home/fadri/code/ros2/arduino-bot/arduinobot_ws/src/install/local_setup.zsh'
[10.767s] INFO:colcon.colcon_core.shell:Creating prefix chain script '/home/fadri/code/ros2/arduino-bot/arduinobot_ws/src/install/setup.zsh'
