[0.061s] Invoking command in '/home/fadri/code/ros2/arduino-bot/arduinobot_ws/src/build/arduinobot_cpp_examples': AMENT_PREFIX_PATH=/home/fadri/code/ros2/arduino-bot/arduinobot_ws/src/install/arduinobot_msgs:${AMENT_PREFIX_PATH} CMAKE_PREFIX_PATH=/home/fadri/code/ros2/arduino-bot/arduinobot_ws/src/install/arduinobot_msgs:/opt/ros/iron LD_LIBRARY_PATH=/home/fadri/code/ros2/arduino-bot/arduinobot_ws/src/install/arduinobot_msgs/lib:${LD_LIBRARY_PATH} PYTHONPATH=/home/fadri/code/ros2/arduino-bot/arduinobot_ws/src/install/arduinobot_msgs/lib/python3.10/site-packages:${PYTHONPATH} /usr/bin/cmake /home/fadri/code/ros2/arduino-bot/arduinobot_ws/src/arduinobot_cpp_examples -DCMAKE_INSTALL_PREFIX=/home/fadri/code/ros2/arduino-bot/arduinobot_ws/src/install/arduinobot_cpp_examples
[0.099s] -- The C compiler identification is GNU 11.4.0
[0.139s] -- The CXX compiler identification is GNU 11.4.0
[0.145s] -- Detecting C compiler ABI info
[0.191s] -- Detecting C compiler ABI info - done
[0.198s] -- Check for working C compiler: /usr/bin/cc - skipped
[0.199s] -- Detecting C compile features
[0.199s] -- Detecting C compile features - done
[0.202s] -- Detecting CXX compiler ABI info
[0.255s] -- Detecting CXX compiler ABI info - done
[0.265s] -- Check for working CXX compiler: /usr/bin/c++ - skipped
[0.265s] -- Detecting CXX compile features
[0.265s] -- Detecting CXX compile features - done
[0.267s] -- Found ament_cmake: 2.0.3 (/opt/ros/iron/share/ament_cmake/cmake)
[0.386s] -- Found Python3: /usr/bin/python3.10 (found version "3.10.12") found components: Interpreter 
[0.450s] -- Found rclcpp: 21.0.4 (/opt/ros/iron/share/rclcpp/cmake)
[0.489s] -- Found rosidl_generator_c: 4.0.1 (/opt/ros/iron/share/rosidl_generator_c/cmake)
[0.496s] -- Found rosidl_generator_cpp: 4.0.1 (/opt/ros/iron/share/rosidl_generator_cpp/cmake)
[0.507s] -- Using all available rosidl_typesupport_c: rosidl_typesupport_fastrtps_c;rosidl_typesupport_introspection_c
[0.519s] -- Using all available rosidl_typesupport_cpp: rosidl_typesupport_fastrtps_cpp;rosidl_typesupport_introspection_cpp
[0.640s] -- Found rmw_implementation_cmake: 7.1.0 (/opt/ros/iron/share/rmw_implementation_cmake/cmake)
[0.642s] -- Found rmw_fastrtps_cpp: 7.1.2 (/opt/ros/iron/share/rmw_fastrtps_cpp/cmake)
[0.728s] -- Found OpenSSL: /usr/lib/x86_64-linux-gnu/libcrypto.so (found version "3.0.2")  
[0.749s] -- Found FastRTPS: /opt/ros/iron/include  
[0.779s] -- Using RMW implementation 'rmw_fastrtps_cpp' as default
[0.894s] -- Found std_msgs: 5.0.0 (/opt/ros/iron/share/std_msgs/cmake)
[0.913s] -- Found arduinobot_msgs: 0.0.0 (/home/fadri/code/ros2/arduino-bot/arduinobot_ws/src/install/arduinobot_msgs/share/arduinobot_msgs/cmake)
[0.940s] -- Found ament_lint_auto: 0.14.2 (/opt/ros/iron/share/ament_lint_auto/cmake)
[0.988s] -- Added test 'cppcheck' to perform static code analysis on C / C++ code
[0.989s] -- Configured cppcheck include dirs: 
[0.989s] -- Configured cppcheck exclude dirs and/or files: 
[0.989s] -- Added test 'lint_cmake' to check CMake code style
[0.990s] -- Added test 'uncrustify' to check C / C++ code style
[0.990s] -- Configured uncrustify additional arguments: 
[0.990s] -- Added test 'xmllint' to check XML markup files
[0.991s] -- Configuring done
[1.005s] -- Generating done
[1.006s] -- Build files have been written to: /home/fadri/code/ros2/arduino-bot/arduinobot_ws/src/build/arduinobot_cpp_examples
[1.013s] Invoked command in '/home/fadri/code/ros2/arduino-bot/arduinobot_ws/src/build/arduinobot_cpp_examples' returned '0': AMENT_PREFIX_PATH=/home/fadri/code/ros2/arduino-bot/arduinobot_ws/src/install/arduinobot_msgs:${AMENT_PREFIX_PATH} CMAKE_PREFIX_PATH=/home/fadri/code/ros2/arduino-bot/arduinobot_ws/src/install/arduinobot_msgs:/opt/ros/iron LD_LIBRARY_PATH=/home/fadri/code/ros2/arduino-bot/arduinobot_ws/src/install/arduinobot_msgs/lib:${LD_LIBRARY_PATH} PYTHONPATH=/home/fadri/code/ros2/arduino-bot/arduinobot_ws/src/install/arduinobot_msgs/lib/python3.10/site-packages:${PYTHONPATH} /usr/bin/cmake /home/fadri/code/ros2/arduino-bot/arduinobot_ws/src/arduinobot_cpp_examples -DCMAKE_INSTALL_PREFIX=/home/fadri/code/ros2/arduino-bot/arduinobot_ws/src/install/arduinobot_cpp_examples
[1.015s] Invoking command in '/home/fadri/code/ros2/arduino-bot/arduinobot_ws/src/build/arduinobot_cpp_examples': AMENT_PREFIX_PATH=/home/fadri/code/ros2/arduino-bot/arduinobot_ws/src/install/arduinobot_msgs:${AMENT_PREFIX_PATH} CMAKE_PREFIX_PATH=/home/fadri/code/ros2/arduino-bot/arduinobot_ws/src/install/arduinobot_msgs:/opt/ros/iron LD_LIBRARY_PATH=/home/fadri/code/ros2/arduino-bot/arduinobot_ws/src/install/arduinobot_msgs/lib:${LD_LIBRARY_PATH} PYTHONPATH=/home/fadri/code/ros2/arduino-bot/arduinobot_ws/src/install/arduinobot_msgs/lib/python3.10/site-packages:${PYTHONPATH} /usr/bin/cmake --build /home/fadri/code/ros2/arduino-bot/arduinobot_ws/src/build/arduinobot_cpp_examples -- -j12 -l12
[1.047s] [ 25%] [32mBuilding CXX object CMakeFiles/simple_parameter.dir/src/simple_parameter.cpp.o[0m
[1.047s] [ 25%] [32mBuilding CXX object CMakeFiles/simple_subscriber.dir/src/simple_subscriber.cpp.o[0m
[1.051s] [ 37%] [32mBuilding CXX object CMakeFiles/simple_publisher.dir/src/simple_publisher.cpp.o[0m
[1.052s] [ 50%] [32mBuilding CXX object CMakeFiles/simple_service_server.dir/src/simple_service_server.cpp.o[0m
[4.175s] [ 62%] [32m[1mLinking CXX executable simple_parameter[0m
[4.339s] [ 62%] Built target simple_parameter
[5.122s] [ 75%] [32m[1mLinking CXX executable simple_publisher[0m
[5.318s] [ 75%] Built target simple_publisher
[5.451s] [ 87%] [32m[1mLinking CXX executable simple_service_server[0m
[5.562s] [ 87%] Built target simple_service_server
[6.046s] [100%] [32m[1mLinking CXX executable simple_subscriber[0m
[6.257s] [100%] Built target simple_subscriber
[6.264s] Invoked command in '/home/fadri/code/ros2/arduino-bot/arduinobot_ws/src/build/arduinobot_cpp_examples' returned '0': AMENT_PREFIX_PATH=/home/fadri/code/ros2/arduino-bot/arduinobot_ws/src/install/arduinobot_msgs:${AMENT_PREFIX_PATH} CMAKE_PREFIX_PATH=/home/fadri/code/ros2/arduino-bot/arduinobot_ws/src/install/arduinobot_msgs:/opt/ros/iron LD_LIBRARY_PATH=/home/fadri/code/ros2/arduino-bot/arduinobot_ws/src/install/arduinobot_msgs/lib:${LD_LIBRARY_PATH} PYTHONPATH=/home/fadri/code/ros2/arduino-bot/arduinobot_ws/src/install/arduinobot_msgs/lib/python3.10/site-packages:${PYTHONPATH} /usr/bin/cmake --build /home/fadri/code/ros2/arduino-bot/arduinobot_ws/src/build/arduinobot_cpp_examples -- -j12 -l12
[6.283s] Invoking command in '/home/fadri/code/ros2/arduino-bot/arduinobot_ws/src/build/arduinobot_cpp_examples': AMENT_PREFIX_PATH=/home/fadri/code/ros2/arduino-bot/arduinobot_ws/src/install/arduinobot_msgs:${AMENT_PREFIX_PATH} CMAKE_PREFIX_PATH=/home/fadri/code/ros2/arduino-bot/arduinobot_ws/src/install/arduinobot_msgs:/opt/ros/iron LD_LIBRARY_PATH=/home/fadri/code/ros2/arduino-bot/arduinobot_ws/src/install/arduinobot_msgs/lib:${LD_LIBRARY_PATH} PYTHONPATH=/home/fadri/code/ros2/arduino-bot/arduinobot_ws/src/install/arduinobot_msgs/lib/python3.10/site-packages:${PYTHONPATH} /usr/bin/cmake --install /home/fadri/code/ros2/arduino-bot/arduinobot_ws/src/build/arduinobot_cpp_examples
[6.288s] -- Install configuration: ""
[6.288s] -- Installing: /home/fadri/code/ros2/arduino-bot/arduinobot_ws/src/install/arduinobot_cpp_examples/lib/arduinobot_cpp_examples/simple_publisher
[6.289s] -- Set runtime path of "/home/fadri/code/ros2/arduino-bot/arduinobot_ws/src/install/arduinobot_cpp_examples/lib/arduinobot_cpp_examples/simple_publisher" to ""
[6.289s] -- Installing: /home/fadri/code/ros2/arduino-bot/arduinobot_ws/src/install/arduinobot_cpp_examples/lib/arduinobot_cpp_examples/simple_subscriber
[6.292s] -- Set runtime path of "/home/fadri/code/ros2/arduino-bot/arduinobot_ws/src/install/arduinobot_cpp_examples/lib/arduinobot_cpp_examples/simple_subscriber" to ""
[6.292s] -- Installing: /home/fadri/code/ros2/arduino-bot/arduinobot_ws/src/install/arduinobot_cpp_examples/lib/arduinobot_cpp_examples/simple_parameter
[6.292s] -- Set runtime path of "/home/fadri/code/ros2/arduino-bot/arduinobot_ws/src/install/arduinobot_cpp_examples/lib/arduinobot_cpp_examples/simple_parameter" to ""
[6.293s] -- Installing: /home/fadri/code/ros2/arduino-bot/arduinobot_ws/src/install/arduinobot_cpp_examples/lib/arduinobot_cpp_examples/simple_service_server
[6.293s] -- Set runtime path of "/home/fadri/code/ros2/arduino-bot/arduinobot_ws/src/install/arduinobot_cpp_examples/lib/arduinobot_cpp_examples/simple_service_server" to ""
[6.293s] -- Installing: /home/fadri/code/ros2/arduino-bot/arduinobot_ws/src/install/arduinobot_cpp_examples/share/ament_index/resource_index/package_run_dependencies/arduinobot_cpp_examples
[6.294s] -- Installing: /home/fadri/code/ros2/arduino-bot/arduinobot_ws/src/install/arduinobot_cpp_examples/share/ament_index/resource_index/parent_prefix_path/arduinobot_cpp_examples
[6.294s] -- Installing: /home/fadri/code/ros2/arduino-bot/arduinobot_ws/src/install/arduinobot_cpp_examples/share/arduinobot_cpp_examples/environment/ament_prefix_path.sh
[6.294s] -- Installing: /home/fadri/code/ros2/arduino-bot/arduinobot_ws/src/install/arduinobot_cpp_examples/share/arduinobot_cpp_examples/environment/ament_prefix_path.dsv
[6.294s] -- Installing: /home/fadri/code/ros2/arduino-bot/arduinobot_ws/src/install/arduinobot_cpp_examples/share/arduinobot_cpp_examples/environment/path.sh
[6.294s] -- Installing: /home/fadri/code/ros2/arduino-bot/arduinobot_ws/src/install/arduinobot_cpp_examples/share/arduinobot_cpp_examples/environment/path.dsv
[6.294s] -- Installing: /home/fadri/code/ros2/arduino-bot/arduinobot_ws/src/install/arduinobot_cpp_examples/share/arduinobot_cpp_examples/local_setup.bash
[6.294s] -- Installing: /home/fadri/code/ros2/arduino-bot/arduinobot_ws/src/install/arduinobot_cpp_examples/share/arduinobot_cpp_examples/local_setup.sh
[6.294s] -- Installing: /home/fadri/code/ros2/arduino-bot/arduinobot_ws/src/install/arduinobot_cpp_examples/share/arduinobot_cpp_examples/local_setup.zsh
[6.295s] -- Installing: /home/fadri/code/ros2/arduino-bot/arduinobot_ws/src/install/arduinobot_cpp_examples/share/arduinobot_cpp_examples/local_setup.dsv
[6.295s] -- Installing: /home/fadri/code/ros2/arduino-bot/arduinobot_ws/src/install/arduinobot_cpp_examples/share/arduinobot_cpp_examples/package.dsv
[6.295s] -- Installing: /home/fadri/code/ros2/arduino-bot/arduinobot_ws/src/install/arduinobot_cpp_examples/share/ament_index/resource_index/packages/arduinobot_cpp_examples
[6.295s] -- Installing: /home/fadri/code/ros2/arduino-bot/arduinobot_ws/src/install/arduinobot_cpp_examples/share/arduinobot_cpp_examples/cmake/arduinobot_cpp_examplesConfig.cmake
[6.295s] -- Installing: /home/fadri/code/ros2/arduino-bot/arduinobot_ws/src/install/arduinobot_cpp_examples/share/arduinobot_cpp_examples/cmake/arduinobot_cpp_examplesConfig-version.cmake
[6.295s] -- Installing: /home/fadri/code/ros2/arduino-bot/arduinobot_ws/src/install/arduinobot_cpp_examples/share/arduinobot_cpp_examples/package.xml
[6.296s] Invoked command in '/home/fadri/code/ros2/arduino-bot/arduinobot_ws/src/build/arduinobot_cpp_examples' returned '0': AMENT_PREFIX_PATH=/home/fadri/code/ros2/arduino-bot/arduinobot_ws/src/install/arduinobot_msgs:${AMENT_PREFIX_PATH} CMAKE_PREFIX_PATH=/home/fadri/code/ros2/arduino-bot/arduinobot_ws/src/install/arduinobot_msgs:/opt/ros/iron LD_LIBRARY_PATH=/home/fadri/code/ros2/arduino-bot/arduinobot_ws/src/install/arduinobot_msgs/lib:${LD_LIBRARY_PATH} PYTHONPATH=/home/fadri/code/ros2/arduino-bot/arduinobot_ws/src/install/arduinobot_msgs/lib/python3.10/site-packages:${PYTHONPATH} /usr/bin/cmake --install /home/fadri/code/ros2/arduino-bot/arduinobot_ws/src/build/arduinobot_cpp_examples
