[0.108s] Invoking command in '/home/fadri/code/ros2/arduino-bot/arduinobot_ws/src/build/arduinobot_msgs': CMAKE_PREFIX_PATH=/opt/ros/iron /usr/bin/cmake /home/fadri/code/ros2/arduino-bot/arduinobot_ws/src/arduinobot_msgs -DCMAKE_INSTALL_PREFIX=/home/fadri/code/ros2/arduino-bot/arduinobot_ws/src/install/arduinobot_msgs
[0.177s] -- The C compiler identification is GNU 11.4.0
[0.239s] -- The CXX compiler identification is GNU 11.4.0
[0.246s] -- Detecting C compiler ABI info
[0.293s] -- Detecting C compiler ABI info - done
[0.302s] -- Check for working C compiler: /usr/bin/cc - skipped
[0.302s] -- Detecting C compile features
[0.303s] -- Detecting C compile features - done
[0.306s] -- Detecting CXX compiler ABI info
[0.370s] -- Detecting CXX compiler ABI info - done
[0.380s] -- Check for working CXX compiler: /usr/bin/c++ - skipped
[0.380s] -- Detecting CXX compile features
[0.381s] -- Detecting CXX compile features - done
[0.385s] -- Found ament_cmake: 2.0.3 (/opt/ros/iron/share/ament_cmake/cmake)
[0.571s] -- Found Python3: /usr/bin/python3.10 (found version "3.10.12") found components: Interpreter 
[0.650s] -- Found std_msgs: 5.0.0 (/opt/ros/iron/share/std_msgs/cmake)
[0.697s] -- Found rosidl_generator_c: 4.0.1 (/opt/ros/iron/share/rosidl_generator_c/cmake)
[0.714s] -- Found rosidl_generator_cpp: 4.0.1 (/opt/ros/iron/share/rosidl_generator_cpp/cmake)
[0.736s] -- Using all available rosidl_typesupport_c: rosidl_typesupport_fastrtps_c;rosidl_typesupport_introspection_c
[0.763s] -- Using all available rosidl_typesupport_cpp: rosidl_typesupport_fastrtps_cpp;rosidl_typesupport_introspection_cpp
[0.835s] -- Found rosidl_default_generators: 1.5.0 (/opt/ros/iron/share/rosidl_default_generators/cmake)
[0.853s] -- Found rosidl_adapter: 4.0.1 (/opt/ros/iron/share/rosidl_adapter/cmake)
[1.137s] -- Found ament_cmake_ros: 0.11.2 (/opt/ros/iron/share/ament_cmake_ros/cmake)
[1.345s] -- Using all available rosidl_typesupport_c: rosidl_typesupport_fastrtps_c;rosidl_typesupport_introspection_c
[1.420s] -- Using all available rosidl_typesupport_cpp: rosidl_typesupport_fastrtps_cpp;rosidl_typesupport_introspection_cpp
[1.435s] -- Found PythonInterp: /usr/bin/python3 (found suitable version "3.10.12", minimum required is "3.6") 
[1.437s] -- Found python_cmake_module: 0.10.2 (/opt/ros/iron/share/python_cmake_module/cmake)
[1.455s] -- Found PythonLibs: /usr/lib/x86_64-linux-gnu/libpython3.10.so (found suitable version "3.10.12", minimum required is "3.5") 
[1.455s] -- Using PYTHON_EXECUTABLE: /usr/bin/python3
[1.455s] -- Using PYTHON_INCLUDE_DIRS: /usr/include/python3.10
[1.455s] -- Using PYTHON_LIBRARIES: /usr/lib/x86_64-linux-gnu/libpython3.10.so
[1.468s] -- Found PythonExtra: .so  
[1.492s] -- Found ament_lint_auto: 0.14.2 (/opt/ros/iron/share/ament_lint_auto/cmake)
[1.505s] -- Added test 'lint_cmake' to check CMake code style
[1.505s] -- Added test 'xmllint' to check XML markup files
[1.508s] -- Configuring done
[1.550s] -- Generating done
[1.554s] -- Build files have been written to: /home/fadri/code/ros2/arduino-bot/arduinobot_ws/src/build/arduinobot_msgs
[1.568s] Invoked command in '/home/fadri/code/ros2/arduino-bot/arduinobot_ws/src/build/arduinobot_msgs' returned '0': CMAKE_PREFIX_PATH=/opt/ros/iron /usr/bin/cmake /home/fadri/code/ros2/arduino-bot/arduinobot_ws/src/arduinobot_msgs -DCMAKE_INSTALL_PREFIX=/home/fadri/code/ros2/arduino-bot/arduinobot_ws/src/install/arduinobot_msgs
[1.570s] Invoking command in '/home/fadri/code/ros2/arduino-bot/arduinobot_ws/src/build/arduinobot_msgs': CMAKE_PREFIX_PATH=/opt/ros/iron /usr/bin/cmake --build /home/fadri/code/ros2/arduino-bot/arduinobot_ws/src/build/arduinobot_msgs -- -j12 -l12
[1.600s] [  2%] [34m[1mGenerating type hashes for ROS interfaces[0m
[1.606s] [  2%] Built target ament_cmake_python_copy_arduinobot_msgs
[1.735s] [  2%] Built target arduinobot_msgs__rosidl_generator_type_description
[1.749s] [  5%] [34m[1mGenerating C code for ROS interfaces[0m
[1.752s] [  8%] [34m[1mGenerating C++ code for ROS interfaces[0m
[1.758s] running egg_info
[1.759s] creating arduinobot_msgs.egg-info
[1.759s] writing arduinobot_msgs.egg-info/PKG-INFO
[1.760s] writing dependency_links to arduinobot_msgs.egg-info/dependency_links.txt
[1.760s] writing top-level names to arduinobot_msgs.egg-info/top_level.txt
[1.760s] writing manifest file 'arduinobot_msgs.egg-info/SOURCES.txt'
[1.764s] reading manifest file 'arduinobot_msgs.egg-info/SOURCES.txt'
[1.764s] writing manifest file 'arduinobot_msgs.egg-info/SOURCES.txt'
[1.803s] [  8%] Built target ament_cmake_python_build_arduinobot_msgs_egg
[1.958s] [  8%] Built target arduinobot_msgs__cpp
[1.984s] [ 14%] [32mBuilding C object CMakeFiles/arduinobot_msgs__rosidl_generator_c.dir/rosidl_generator_c/arduinobot_msgs/srv/detail/add_two_ints__description.c.o[0m
[1.984s] [ 14%] [32mBuilding C object CMakeFiles/arduinobot_msgs__rosidl_generator_c.dir/rosidl_generator_c/arduinobot_msgs/srv/detail/add_two_ints__functions.c.o[0m
[1.987s] [ 17%] [32mBuilding C object CMakeFiles/arduinobot_msgs__rosidl_generator_c.dir/rosidl_generator_c/arduinobot_msgs/srv/detail/add_two_ints__type_support.c.o[0m
[2.041s] [ 20%] [32m[1mLinking C shared library libarduinobot_msgs__rosidl_generator_c.so[0m
[2.063s] [ 20%] Built target arduinobot_msgs__rosidl_generator_c
[2.071s] [ 26%] [34m[1mGenerating C type support for eProsima Fast-RTPS[0m
[2.071s] [ 26%] [34m[1mGenerating C++ type support dispatch for ROS interfaces[0m
[2.075s] [ 38%] [34m[1mGenerating C++ type support for eProsima Fast-RTPS[0m
[2.075s] [ 38%] [34m[1mGenerating C++ introspection for ROS interfaces[0m
[2.076s] [ 38%] [34m[1mGenerating C type support dispatch for ROS interfaces[0m
[2.076s] [ 38%] [34m[1mGenerating C introspection for ROS interfaces[0m
[2.297s] [ 41%] [32mBuilding CXX object CMakeFiles/arduinobot_msgs__rosidl_typesupport_cpp.dir/rosidl_typesupport_cpp/arduinobot_msgs/srv/add_two_ints__type_support.cpp.o[0m
[2.312s] [ 44%] [32mBuilding CXX object CMakeFiles/arduinobot_msgs__rosidl_typesupport_introspection_cpp.dir/rosidl_typesupport_introspection_cpp/arduinobot_msgs/srv/detail/add_two_ints__type_support.cpp.o[0m
[2.334s] [ 47%] [32mBuilding CXX object CMakeFiles/arduinobot_msgs__rosidl_typesupport_fastrtps_c.dir/rosidl_typesupport_fastrtps_c/arduinobot_msgs/srv/detail/add_two_ints__type_support_c.cpp.o[0m
[2.379s] [ 50%] [32mBuilding CXX object CMakeFiles/arduinobot_msgs__rosidl_typesupport_c.dir/rosidl_typesupport_c/arduinobot_msgs/srv/add_two_ints__type_support.cpp.o[0m
[2.403s] [ 52%] [32mBuilding CXX object CMakeFiles/arduinobot_msgs__rosidl_typesupport_fastrtps_cpp.dir/rosidl_typesupport_fastrtps_cpp/arduinobot_msgs/srv/detail/dds_fastrtps/add_two_ints__type_support.cpp.o[0m
[2.421s] [ 55%] [32m[1mLinking CXX shared library libarduinobot_msgs__rosidl_typesupport_c.so[0m
[2.424s] [ 58%] [32mBuilding C object CMakeFiles/arduinobot_msgs__rosidl_typesupport_introspection_c.dir/rosidl_typesupport_introspection_c/arduinobot_msgs/srv/detail/add_two_ints__type_support.c.o[0m
[2.455s] [ 61%] [32m[1mLinking C shared library libarduinobot_msgs__rosidl_typesupport_introspection_c.so[0m
[2.468s] [ 61%] Built target arduinobot_msgs__rosidl_typesupport_c
[2.478s] [ 61%] Built target arduinobot_msgs__rosidl_typesupport_introspection_c
[2.641s] [ 64%] [32m[1mLinking CXX shared library libarduinobot_msgs__rosidl_typesupport_fastrtps_c.so[0m
[2.700s] [ 64%] Built target arduinobot_msgs__rosidl_typesupport_fastrtps_c
[2.738s] [ 67%] [32m[1mLinking CXX shared library libarduinobot_msgs__rosidl_typesupport_cpp.so[0m
[2.807s] [ 70%] [32m[1mLinking CXX shared library libarduinobot_msgs__rosidl_typesupport_introspection_cpp.so[0m
[2.817s] [ 70%] Built target arduinobot_msgs__rosidl_typesupport_cpp
[2.860s] [ 70%] Built target arduinobot_msgs__rosidl_typesupport_introspection_cpp
[2.878s] [ 73%] [32m[1mLinking CXX shared library libarduinobot_msgs__rosidl_typesupport_fastrtps_cpp.so[0m
[2.925s] [ 73%] Built target arduinobot_msgs__rosidl_typesupport_fastrtps_cpp
[2.938s] [ 73%] Built target arduinobot_msgs
[2.949s] [ 76%] [34m[1mGenerating Python code for ROS interfaces[0m
[3.192s] [ 76%] Built target arduinobot_msgs__py
[3.204s] [ 79%] [32mBuilding C object CMakeFiles/arduinobot_msgs__rosidl_generator_py.dir/rosidl_generator_py/arduinobot_msgs/srv/_add_two_ints_s.c.o[0m
[3.284s] [ 82%] [32m[1mLinking C shared library rosidl_generator_py/arduinobot_msgs/libarduinobot_msgs__rosidl_generator_py.so[0m
[3.310s] [ 82%] Built target arduinobot_msgs__rosidl_generator_py
[3.323s] [ 88%] [32mBuilding C object CMakeFiles/arduinobot_msgs__rosidl_typesupport_introspection_c__pyext.dir/rosidl_generator_py/arduinobot_msgs/_arduinobot_msgs_s.ep.rosidl_typesupport_introspection_c.c.o[0m
[3.323s] [ 88%] [32mBuilding C object CMakeFiles/arduinobot_msgs__rosidl_typesupport_fastrtps_c__pyext.dir/rosidl_generator_py/arduinobot_msgs/_arduinobot_msgs_s.ep.rosidl_typesupport_fastrtps_c.c.o[0m
[3.329s] [ 91%] [32mBuilding C object CMakeFiles/arduinobot_msgs__rosidl_typesupport_c__pyext.dir/rosidl_generator_py/arduinobot_msgs/_arduinobot_msgs_s.ep.rosidl_typesupport_c.c.o[0m
[3.390s] [ 94%] [32m[1mLinking C shared library rosidl_generator_py/arduinobot_msgs/arduinobot_msgs_s__rosidl_typesupport_introspection_c.cpython-310-x86_64-linux-gnu.so[0m
[3.391s] [ 97%] [32m[1mLinking C shared library rosidl_generator_py/arduinobot_msgs/arduinobot_msgs_s__rosidl_typesupport_fastrtps_c.cpython-310-x86_64-linux-gnu.so[0m
[3.415s] [ 97%] Built target arduinobot_msgs__rosidl_typesupport_fastrtps_c__pyext
[3.416s] [ 97%] Built target arduinobot_msgs__rosidl_typesupport_introspection_c__pyext
[3.430s] [100%] [32m[1mLinking C shared library rosidl_generator_py/arduinobot_msgs/arduinobot_msgs_s__rosidl_typesupport_c.cpython-310-x86_64-linux-gnu.so[0m
[3.454s] [100%] Built target arduinobot_msgs__rosidl_typesupport_c__pyext
[3.462s] Invoked command in '/home/fadri/code/ros2/arduino-bot/arduinobot_ws/src/build/arduinobot_msgs' returned '0': CMAKE_PREFIX_PATH=/opt/ros/iron /usr/bin/cmake --build /home/fadri/code/ros2/arduino-bot/arduinobot_ws/src/build/arduinobot_msgs -- -j12 -l12
[3.494s] Invoking command in '/home/fadri/code/ros2/arduino-bot/arduinobot_ws/src/build/arduinobot_msgs': CMAKE_PREFIX_PATH=/opt/ros/iron /usr/bin/cmake --install /home/fadri/code/ros2/arduino-bot/arduinobot_ws/src/build/arduinobot_msgs
[3.499s] -- Install configuration: ""
[3.500s] -- Installing: /home/fadri/code/ros2/arduino-bot/arduinobot_ws/src/install/arduinobot_msgs/share/ament_index/resource_index/rosidl_interfaces/arduinobot_msgs
[3.500s] -- Installing: /home/fadri/code/ros2/arduino-bot/arduinobot_ws/src/install/arduinobot_msgs/share/arduinobot_msgs/srv/AddTwoInts.json
[3.500s] -- Installing: /home/fadri/code/ros2/arduino-bot/arduinobot_ws/src/install/arduinobot_msgs/include/arduinobot_msgs/arduinobot_msgs
[3.500s] -- Installing: /home/fadri/code/ros2/arduino-bot/arduinobot_ws/src/install/arduinobot_msgs/include/arduinobot_msgs/arduinobot_msgs/srv
[3.500s] -- Installing: /home/fadri/code/ros2/arduino-bot/arduinobot_ws/src/install/arduinobot_msgs/include/arduinobot_msgs/arduinobot_msgs/srv/detail
[3.500s] -- Installing: /home/fadri/code/ros2/arduino-bot/arduinobot_ws/src/install/arduinobot_msgs/include/arduinobot_msgs/arduinobot_msgs/srv/detail/add_two_ints__functions.c
[3.501s] -- Installing: /home/fadri/code/ros2/arduino-bot/arduinobot_ws/src/install/arduinobot_msgs/include/arduinobot_msgs/arduinobot_msgs/srv/detail/add_two_ints__functions.h
[3.501s] -- Installing: /home/fadri/code/ros2/arduino-bot/arduinobot_ws/src/install/arduinobot_msgs/include/arduinobot_msgs/arduinobot_msgs/srv/detail/add_two_ints__struct.h
[3.501s] -- Installing: /home/fadri/code/ros2/arduino-bot/arduinobot_ws/src/install/arduinobot_msgs/include/arduinobot_msgs/arduinobot_msgs/srv/detail/add_two_ints__type_support.h
[3.501s] -- Installing: /home/fadri/code/ros2/arduino-bot/arduinobot_ws/src/install/arduinobot_msgs/include/arduinobot_msgs/arduinobot_msgs/srv/detail/add_two_ints__description.c
[3.501s] -- Installing: /home/fadri/code/ros2/arduino-bot/arduinobot_ws/src/install/arduinobot_msgs/include/arduinobot_msgs/arduinobot_msgs/srv/detail/add_two_ints__type_support.c
[3.501s] -- Installing: /home/fadri/code/ros2/arduino-bot/arduinobot_ws/src/install/arduinobot_msgs/include/arduinobot_msgs/arduinobot_msgs/srv/add_two_ints.h
[3.501s] -- Installing: /home/fadri/code/ros2/arduino-bot/arduinobot_ws/src/install/arduinobot_msgs/include/arduinobot_msgs/arduinobot_msgs/msg
[3.501s] -- Installing: /home/fadri/code/ros2/arduino-bot/arduinobot_ws/src/install/arduinobot_msgs/include/arduinobot_msgs/arduinobot_msgs/msg/rosidl_generator_c__visibility_control.h
[3.502s] -- Installing: /home/fadri/code/ros2/arduino-bot/arduinobot_ws/src/install/arduinobot_msgs/share/arduinobot_msgs/environment/library_path.sh
[3.502s] -- Installing: /home/fadri/code/ros2/arduino-bot/arduinobot_ws/src/install/arduinobot_msgs/share/arduinobot_msgs/environment/library_path.dsv
[3.502s] -- Installing: /home/fadri/code/ros2/arduino-bot/arduinobot_ws/src/install/arduinobot_msgs/lib/libarduinobot_msgs__rosidl_generator_c.so
[3.502s] -- Set runtime path of "/home/fadri/code/ros2/arduino-bot/arduinobot_ws/src/install/arduinobot_msgs/lib/libarduinobot_msgs__rosidl_generator_c.so" to ""
[3.502s] -- Up-to-date: /home/fadri/code/ros2/arduino-bot/arduinobot_ws/src/install/arduinobot_msgs/include/arduinobot_msgs/arduinobot_msgs
[3.502s] -- Up-to-date: /home/fadri/code/ros2/arduino-bot/arduinobot_ws/src/install/arduinobot_msgs/include/arduinobot_msgs/arduinobot_msgs/srv
[3.502s] -- Up-to-date: /home/fadri/code/ros2/arduino-bot/arduinobot_ws/src/install/arduinobot_msgs/include/arduinobot_msgs/arduinobot_msgs/srv/detail
[3.502s] -- Installing: /home/fadri/code/ros2/arduino-bot/arduinobot_ws/src/install/arduinobot_msgs/include/arduinobot_msgs/arduinobot_msgs/srv/detail/add_two_ints__rosidl_typesupport_fastrtps_c.h
[3.502s] -- Up-to-date: /home/fadri/code/ros2/arduino-bot/arduinobot_ws/src/install/arduinobot_msgs/include/arduinobot_msgs/arduinobot_msgs/msg
[3.503s] -- Installing: /home/fadri/code/ros2/arduino-bot/arduinobot_ws/src/install/arduinobot_msgs/include/arduinobot_msgs/arduinobot_msgs/msg/rosidl_typesupport_fastrtps_c__visibility_control.h
[3.503s] -- Installing: /home/fadri/code/ros2/arduino-bot/arduinobot_ws/src/install/arduinobot_msgs/lib/libarduinobot_msgs__rosidl_typesupport_fastrtps_c.so
[3.503s] -- Set runtime path of "/home/fadri/code/ros2/arduino-bot/arduinobot_ws/src/install/arduinobot_msgs/lib/libarduinobot_msgs__rosidl_typesupport_fastrtps_c.so" to ""
[3.503s] -- Up-to-date: /home/fadri/code/ros2/arduino-bot/arduinobot_ws/src/install/arduinobot_msgs/include/arduinobot_msgs/arduinobot_msgs
[3.503s] -- Up-to-date: /home/fadri/code/ros2/arduino-bot/arduinobot_ws/src/install/arduinobot_msgs/include/arduinobot_msgs/arduinobot_msgs/srv
[3.503s] -- Up-to-date: /home/fadri/code/ros2/arduino-bot/arduinobot_ws/src/install/arduinobot_msgs/include/arduinobot_msgs/arduinobot_msgs/srv/detail
[3.503s] -- Installing: /home/fadri/code/ros2/arduino-bot/arduinobot_ws/src/install/arduinobot_msgs/include/arduinobot_msgs/arduinobot_msgs/srv/detail/add_two_ints__builder.hpp
[3.503s] -- Installing: /home/fadri/code/ros2/arduino-bot/arduinobot_ws/src/install/arduinobot_msgs/include/arduinobot_msgs/arduinobot_msgs/srv/detail/add_two_ints__struct.hpp
[3.503s] -- Installing: /home/fadri/code/ros2/arduino-bot/arduinobot_ws/src/install/arduinobot_msgs/include/arduinobot_msgs/arduinobot_msgs/srv/detail/add_two_ints__traits.hpp
[3.504s] -- Installing: /home/fadri/code/ros2/arduino-bot/arduinobot_ws/src/install/arduinobot_msgs/include/arduinobot_msgs/arduinobot_msgs/srv/add_two_ints.hpp
[3.504s] -- Up-to-date: /home/fadri/code/ros2/arduino-bot/arduinobot_ws/src/install/arduinobot_msgs/include/arduinobot_msgs/arduinobot_msgs
[3.504s] -- Up-to-date: /home/fadri/code/ros2/arduino-bot/arduinobot_ws/src/install/arduinobot_msgs/include/arduinobot_msgs/arduinobot_msgs/srv
[3.504s] -- Up-to-date: /home/fadri/code/ros2/arduino-bot/arduinobot_ws/src/install/arduinobot_msgs/include/arduinobot_msgs/arduinobot_msgs/srv/detail
[3.504s] -- Installing: /home/fadri/code/ros2/arduino-bot/arduinobot_ws/src/install/arduinobot_msgs/include/arduinobot_msgs/arduinobot_msgs/srv/detail/add_two_ints__rosidl_typesupport_fastrtps_cpp.hpp
[3.504s] -- Installing: /home/fadri/code/ros2/arduino-bot/arduinobot_ws/src/install/arduinobot_msgs/include/arduinobot_msgs/arduinobot_msgs/srv/detail/dds_fastrtps
[3.504s] -- Up-to-date: /home/fadri/code/ros2/arduino-bot/arduinobot_ws/src/install/arduinobot_msgs/include/arduinobot_msgs/arduinobot_msgs/msg
[3.504s] -- Installing: /home/fadri/code/ros2/arduino-bot/arduinobot_ws/src/install/arduinobot_msgs/include/arduinobot_msgs/arduinobot_msgs/msg/rosidl_typesupport_fastrtps_cpp__visibility_control.h
[3.504s] -- Installing: /home/fadri/code/ros2/arduino-bot/arduinobot_ws/src/install/arduinobot_msgs/lib/libarduinobot_msgs__rosidl_typesupport_fastrtps_cpp.so
[3.504s] -- Set runtime path of "/home/fadri/code/ros2/arduino-bot/arduinobot_ws/src/install/arduinobot_msgs/lib/libarduinobot_msgs__rosidl_typesupport_fastrtps_cpp.so" to ""
[3.504s] -- Up-to-date: /home/fadri/code/ros2/arduino-bot/arduinobot_ws/src/install/arduinobot_msgs/include/arduinobot_msgs/arduinobot_msgs
[3.505s] -- Up-to-date: /home/fadri/code/ros2/arduino-bot/arduinobot_ws/src/install/arduinobot_msgs/include/arduinobot_msgs/arduinobot_msgs/srv
[3.505s] -- Up-to-date: /home/fadri/code/ros2/arduino-bot/arduinobot_ws/src/install/arduinobot_msgs/include/arduinobot_msgs/arduinobot_msgs/srv/detail
[3.505s] -- Installing: /home/fadri/code/ros2/arduino-bot/arduinobot_ws/src/install/arduinobot_msgs/include/arduinobot_msgs/arduinobot_msgs/srv/detail/add_two_ints__rosidl_typesupport_introspection_c.h
[3.505s] -- Installing: /home/fadri/code/ros2/arduino-bot/arduinobot_ws/src/install/arduinobot_msgs/include/arduinobot_msgs/arduinobot_msgs/srv/detail/add_two_ints__type_support.c
[3.505s] -- Up-to-date: /home/fadri/code/ros2/arduino-bot/arduinobot_ws/src/install/arduinobot_msgs/include/arduinobot_msgs/arduinobot_msgs/msg
[3.505s] -- Installing: /home/fadri/code/ros2/arduino-bot/arduinobot_ws/src/install/arduinobot_msgs/include/arduinobot_msgs/arduinobot_msgs/msg/rosidl_typesupport_introspection_c__visibility_control.h
[3.505s] -- Installing: /home/fadri/code/ros2/arduino-bot/arduinobot_ws/src/install/arduinobot_msgs/lib/libarduinobot_msgs__rosidl_typesupport_introspection_c.so
[3.505s] -- Set runtime path of "/home/fadri/code/ros2/arduino-bot/arduinobot_ws/src/install/arduinobot_msgs/lib/libarduinobot_msgs__rosidl_typesupport_introspection_c.so" to ""
[3.505s] -- Installing: /home/fadri/code/ros2/arduino-bot/arduinobot_ws/src/install/arduinobot_msgs/lib/libarduinobot_msgs__rosidl_typesupport_c.so
[3.506s] -- Set runtime path of "/home/fadri/code/ros2/arduino-bot/arduinobot_ws/src/install/arduinobot_msgs/lib/libarduinobot_msgs__rosidl_typesupport_c.so" to ""
[3.506s] -- Up-to-date: /home/fadri/code/ros2/arduino-bot/arduinobot_ws/src/install/arduinobot_msgs/include/arduinobot_msgs/arduinobot_msgs
[3.506s] -- Up-to-date: /home/fadri/code/ros2/arduino-bot/arduinobot_ws/src/install/arduinobot_msgs/include/arduinobot_msgs/arduinobot_msgs/srv
[3.506s] -- Up-to-date: /home/fadri/code/ros2/arduino-bot/arduinobot_ws/src/install/arduinobot_msgs/include/arduinobot_msgs/arduinobot_msgs/srv/detail
[3.506s] -- Installing: /home/fadri/code/ros2/arduino-bot/arduinobot_ws/src/install/arduinobot_msgs/include/arduinobot_msgs/arduinobot_msgs/srv/detail/add_two_ints__rosidl_typesupport_introspection_cpp.hpp
[3.506s] -- Installing: /home/fadri/code/ros2/arduino-bot/arduinobot_ws/src/install/arduinobot_msgs/include/arduinobot_msgs/arduinobot_msgs/srv/detail/add_two_ints__type_support.cpp
[3.506s] -- Installing: /home/fadri/code/ros2/arduino-bot/arduinobot_ws/src/install/arduinobot_msgs/lib/libarduinobot_msgs__rosidl_typesupport_introspection_cpp.so
[3.506s] -- Set runtime path of "/home/fadri/code/ros2/arduino-bot/arduinobot_ws/src/install/arduinobot_msgs/lib/libarduinobot_msgs__rosidl_typesupport_introspection_cpp.so" to ""
[3.506s] -- Installing: /home/fadri/code/ros2/arduino-bot/arduinobot_ws/src/install/arduinobot_msgs/lib/libarduinobot_msgs__rosidl_typesupport_cpp.so
[3.506s] -- Set runtime path of "/home/fadri/code/ros2/arduino-bot/arduinobot_ws/src/install/arduinobot_msgs/lib/libarduinobot_msgs__rosidl_typesupport_cpp.so" to ""
[3.506s] -- Installing: /home/fadri/code/ros2/arduino-bot/arduinobot_ws/src/install/arduinobot_msgs/share/arduinobot_msgs/environment/pythonpath.sh
[3.506s] -- Installing: /home/fadri/code/ros2/arduino-bot/arduinobot_ws/src/install/arduinobot_msgs/share/arduinobot_msgs/environment/pythonpath.dsv
[3.507s] -- Installing: /home/fadri/code/ros2/arduino-bot/arduinobot_ws/src/install/arduinobot_msgs/lib/python3.10/site-packages/arduinobot_msgs-0.0.0-py3.10.egg-info
[3.507s] -- Installing: /home/fadri/code/ros2/arduino-bot/arduinobot_ws/src/install/arduinobot_msgs/lib/python3.10/site-packages/arduinobot_msgs-0.0.0-py3.10.egg-info/PKG-INFO
[3.507s] -- Installing: /home/fadri/code/ros2/arduino-bot/arduinobot_ws/src/install/arduinobot_msgs/lib/python3.10/site-packages/arduinobot_msgs-0.0.0-py3.10.egg-info/top_level.txt
[3.507s] -- Installing: /home/fadri/code/ros2/arduino-bot/arduinobot_ws/src/install/arduinobot_msgs/lib/python3.10/site-packages/arduinobot_msgs-0.0.0-py3.10.egg-info/SOURCES.txt
[3.507s] -- Installing: /home/fadri/code/ros2/arduino-bot/arduinobot_ws/src/install/arduinobot_msgs/lib/python3.10/site-packages/arduinobot_msgs-0.0.0-py3.10.egg-info/dependency_links.txt
[3.507s] -- Installing: /home/fadri/code/ros2/arduino-bot/arduinobot_ws/src/install/arduinobot_msgs/lib/python3.10/site-packages/arduinobot_msgs
[3.507s] -- Installing: /home/fadri/code/ros2/arduino-bot/arduinobot_ws/src/install/arduinobot_msgs/lib/python3.10/site-packages/arduinobot_msgs/libarduinobot_msgs__rosidl_generator_py.so
[3.507s] -- Installing: /home/fadri/code/ros2/arduino-bot/arduinobot_ws/src/install/arduinobot_msgs/lib/python3.10/site-packages/arduinobot_msgs/_arduinobot_msgs_s.ep.rosidl_typesupport_fastrtps_c.c
[3.507s] -- Installing: /home/fadri/code/ros2/arduino-bot/arduinobot_ws/src/install/arduinobot_msgs/lib/python3.10/site-packages/arduinobot_msgs/__init__.py
[3.507s] -- Installing: /home/fadri/code/ros2/arduino-bot/arduinobot_ws/src/install/arduinobot_msgs/lib/python3.10/site-packages/arduinobot_msgs/arduinobot_msgs_s__rosidl_typesupport_fastrtps_c.cpython-310-x86_64-linux-gnu.so
[3.507s] -- Installing: /home/fadri/code/ros2/arduino-bot/arduinobot_ws/src/install/arduinobot_msgs/lib/python3.10/site-packages/arduinobot_msgs/arduinobot_msgs_s__rosidl_typesupport_c.cpython-310-x86_64-linux-gnu.so
[3.507s] -- Installing: /home/fadri/code/ros2/arduino-bot/arduinobot_ws/src/install/arduinobot_msgs/lib/python3.10/site-packages/arduinobot_msgs/_arduinobot_msgs_s.ep.rosidl_typesupport_c.c
[3.508s] -- Installing: /home/fadri/code/ros2/arduino-bot/arduinobot_ws/src/install/arduinobot_msgs/lib/python3.10/site-packages/arduinobot_msgs/srv
[3.508s] -- Installing: /home/fadri/code/ros2/arduino-bot/arduinobot_ws/src/install/arduinobot_msgs/lib/python3.10/site-packages/arduinobot_msgs/srv/__init__.py
[3.508s] -- Installing: /home/fadri/code/ros2/arduino-bot/arduinobot_ws/src/install/arduinobot_msgs/lib/python3.10/site-packages/arduinobot_msgs/srv/_add_two_ints_s.c
[3.508s] -- Installing: /home/fadri/code/ros2/arduino-bot/arduinobot_ws/src/install/arduinobot_msgs/lib/python3.10/site-packages/arduinobot_msgs/srv/_add_two_ints.py
[3.508s] -- Installing: /home/fadri/code/ros2/arduino-bot/arduinobot_ws/src/install/arduinobot_msgs/lib/python3.10/site-packages/arduinobot_msgs/_arduinobot_msgs_s.ep.rosidl_typesupport_introspection_c.c
[3.508s] -- Installing: /home/fadri/code/ros2/arduino-bot/arduinobot_ws/src/install/arduinobot_msgs/lib/python3.10/site-packages/arduinobot_msgs/arduinobot_msgs_s__rosidl_typesupport_introspection_c.cpython-310-x86_64-linux-gnu.so
[3.530s] Listing '/home/fadri/code/ros2/arduino-bot/arduinobot_ws/src/install/arduinobot_msgs/lib/python3.10/site-packages/arduinobot_msgs'...
[3.530s] Compiling '/home/fadri/code/ros2/arduino-bot/arduinobot_ws/src/install/arduinobot_msgs/lib/python3.10/site-packages/arduinobot_msgs/__init__.py'...
[3.530s] Listing '/home/fadri/code/ros2/arduino-bot/arduinobot_ws/src/install/arduinobot_msgs/lib/python3.10/site-packages/arduinobot_msgs/srv'...
[3.530s] Compiling '/home/fadri/code/ros2/arduino-bot/arduinobot_ws/src/install/arduinobot_msgs/lib/python3.10/site-packages/arduinobot_msgs/srv/__init__.py'...
[3.530s] Compiling '/home/fadri/code/ros2/arduino-bot/arduinobot_ws/src/install/arduinobot_msgs/lib/python3.10/site-packages/arduinobot_msgs/srv/_add_two_ints.py'...
[3.535s] -- Installing: /home/fadri/code/ros2/arduino-bot/arduinobot_ws/src/install/arduinobot_msgs/lib/python3.10/site-packages/arduinobot_msgs/arduinobot_msgs_s__rosidl_typesupport_fastrtps_c.cpython-310-x86_64-linux-gnu.so
[3.535s] -- Set runtime path of "/home/fadri/code/ros2/arduino-bot/arduinobot_ws/src/install/arduinobot_msgs/lib/python3.10/site-packages/arduinobot_msgs/arduinobot_msgs_s__rosidl_typesupport_fastrtps_c.cpython-310-x86_64-linux-gnu.so" to ""
[3.535s] -- Installing: /home/fadri/code/ros2/arduino-bot/arduinobot_ws/src/install/arduinobot_msgs/lib/python3.10/site-packages/arduinobot_msgs/arduinobot_msgs_s__rosidl_typesupport_introspection_c.cpython-310-x86_64-linux-gnu.so
[3.535s] -- Set runtime path of "/home/fadri/code/ros2/arduino-bot/arduinobot_ws/src/install/arduinobot_msgs/lib/python3.10/site-packages/arduinobot_msgs/arduinobot_msgs_s__rosidl_typesupport_introspection_c.cpython-310-x86_64-linux-gnu.so" to ""
[3.536s] -- Installing: /home/fadri/code/ros2/arduino-bot/arduinobot_ws/src/install/arduinobot_msgs/lib/python3.10/site-packages/arduinobot_msgs/arduinobot_msgs_s__rosidl_typesupport_c.cpython-310-x86_64-linux-gnu.so
[3.536s] -- Set runtime path of "/home/fadri/code/ros2/arduino-bot/arduinobot_ws/src/install/arduinobot_msgs/lib/python3.10/site-packages/arduinobot_msgs/arduinobot_msgs_s__rosidl_typesupport_c.cpython-310-x86_64-linux-gnu.so" to ""
[3.536s] -- Installing: /home/fadri/code/ros2/arduino-bot/arduinobot_ws/src/install/arduinobot_msgs/lib/libarduinobot_msgs__rosidl_generator_py.so
[3.536s] -- Set runtime path of "/home/fadri/code/ros2/arduino-bot/arduinobot_ws/src/install/arduinobot_msgs/lib/libarduinobot_msgs__rosidl_generator_py.so" to ""
[3.536s] -- Installing: /home/fadri/code/ros2/arduino-bot/arduinobot_ws/src/install/arduinobot_msgs/share/arduinobot_msgs/srv/AddTwoInts.idl
[3.537s] -- Installing: /home/fadri/code/ros2/arduino-bot/arduinobot_ws/src/install/arduinobot_msgs/share/arduinobot_msgs/srv/AddTwoInts.srv
[3.537s] -- Installing: /home/fadri/code/ros2/arduino-bot/arduinobot_ws/src/install/arduinobot_msgs/share/arduinobot_msgs/srv/AddTwoInts_Request.msg
[3.537s] -- Installing: /home/fadri/code/ros2/arduino-bot/arduinobot_ws/src/install/arduinobot_msgs/share/arduinobot_msgs/srv/AddTwoInts_Response.msg
[3.537s] -- Installing: /home/fadri/code/ros2/arduino-bot/arduinobot_ws/src/install/arduinobot_msgs/share/ament_index/resource_index/package_run_dependencies/arduinobot_msgs
[3.537s] -- Installing: /home/fadri/code/ros2/arduino-bot/arduinobot_ws/src/install/arduinobot_msgs/share/ament_index/resource_index/parent_prefix_path/arduinobot_msgs
[3.537s] -- Installing: /home/fadri/code/ros2/arduino-bot/arduinobot_ws/src/install/arduinobot_msgs/share/arduinobot_msgs/environment/ament_prefix_path.sh
[3.537s] -- Installing: /home/fadri/code/ros2/arduino-bot/arduinobot_ws/src/install/arduinobot_msgs/share/arduinobot_msgs/environment/ament_prefix_path.dsv
[3.537s] -- Installing: /home/fadri/code/ros2/arduino-bot/arduinobot_ws/src/install/arduinobot_msgs/share/arduinobot_msgs/environment/path.sh
[3.537s] -- Installing: /home/fadri/code/ros2/arduino-bot/arduinobot_ws/src/install/arduinobot_msgs/share/arduinobot_msgs/environment/path.dsv
[3.538s] -- Installing: /home/fadri/code/ros2/arduino-bot/arduinobot_ws/src/install/arduinobot_msgs/share/arduinobot_msgs/local_setup.bash
[3.538s] -- Installing: /home/fadri/code/ros2/arduino-bot/arduinobot_ws/src/install/arduinobot_msgs/share/arduinobot_msgs/local_setup.sh
[3.538s] -- Installing: /home/fadri/code/ros2/arduino-bot/arduinobot_ws/src/install/arduinobot_msgs/share/arduinobot_msgs/local_setup.zsh
[3.538s] -- Installing: /home/fadri/code/ros2/arduino-bot/arduinobot_ws/src/install/arduinobot_msgs/share/arduinobot_msgs/local_setup.dsv
[3.538s] -- Installing: /home/fadri/code/ros2/arduino-bot/arduinobot_ws/src/install/arduinobot_msgs/share/arduinobot_msgs/package.dsv
[3.538s] -- Installing: /home/fadri/code/ros2/arduino-bot/arduinobot_ws/src/install/arduinobot_msgs/share/ament_index/resource_index/packages/arduinobot_msgs
[3.538s] -- Installing: /home/fadri/code/ros2/arduino-bot/arduinobot_ws/src/install/arduinobot_msgs/share/arduinobot_msgs/cmake/export_arduinobot_msgs__rosidl_generator_cExport.cmake
[3.538s] -- Installing: /home/fadri/code/ros2/arduino-bot/arduinobot_ws/src/install/arduinobot_msgs/share/arduinobot_msgs/cmake/export_arduinobot_msgs__rosidl_generator_cExport-noconfig.cmake
[3.538s] -- Installing: /home/fadri/code/ros2/arduino-bot/arduinobot_ws/src/install/arduinobot_msgs/share/arduinobot_msgs/cmake/export_arduinobot_msgs__rosidl_typesupport_fastrtps_cExport.cmake
[3.538s] -- Installing: /home/fadri/code/ros2/arduino-bot/arduinobot_ws/src/install/arduinobot_msgs/share/arduinobot_msgs/cmake/export_arduinobot_msgs__rosidl_typesupport_fastrtps_cExport-noconfig.cmake
[3.539s] -- Installing: /home/fadri/code/ros2/arduino-bot/arduinobot_ws/src/install/arduinobot_msgs/share/arduinobot_msgs/cmake/export_arduinobot_msgs__rosidl_generator_cppExport.cmake
[3.539s] -- Installing: /home/fadri/code/ros2/arduino-bot/arduinobot_ws/src/install/arduinobot_msgs/share/arduinobot_msgs/cmake/export_arduinobot_msgs__rosidl_typesupport_fastrtps_cppExport.cmake
[3.539s] -- Installing: /home/fadri/code/ros2/arduino-bot/arduinobot_ws/src/install/arduinobot_msgs/share/arduinobot_msgs/cmake/export_arduinobot_msgs__rosidl_typesupport_fastrtps_cppExport-noconfig.cmake
[3.539s] -- Installing: /home/fadri/code/ros2/arduino-bot/arduinobot_ws/src/install/arduinobot_msgs/share/arduinobot_msgs/cmake/arduinobot_msgs__rosidl_typesupport_introspection_cExport.cmake
[3.539s] -- Installing: /home/fadri/code/ros2/arduino-bot/arduinobot_ws/src/install/arduinobot_msgs/share/arduinobot_msgs/cmake/arduinobot_msgs__rosidl_typesupport_introspection_cExport-noconfig.cmake
[3.539s] -- Installing: /home/fadri/code/ros2/arduino-bot/arduinobot_ws/src/install/arduinobot_msgs/share/arduinobot_msgs/cmake/arduinobot_msgs__rosidl_typesupport_cExport.cmake
[3.539s] -- Installing: /home/fadri/code/ros2/arduino-bot/arduinobot_ws/src/install/arduinobot_msgs/share/arduinobot_msgs/cmake/arduinobot_msgs__rosidl_typesupport_cExport-noconfig.cmake
[3.539s] -- Installing: /home/fadri/code/ros2/arduino-bot/arduinobot_ws/src/install/arduinobot_msgs/share/arduinobot_msgs/cmake/arduinobot_msgs__rosidl_typesupport_introspection_cppExport.cmake
[3.539s] -- Installing: /home/fadri/code/ros2/arduino-bot/arduinobot_ws/src/install/arduinobot_msgs/share/arduinobot_msgs/cmake/arduinobot_msgs__rosidl_typesupport_introspection_cppExport-noconfig.cmake
[3.539s] -- Installing: /home/fadri/code/ros2/arduino-bot/arduinobot_ws/src/install/arduinobot_msgs/share/arduinobot_msgs/cmake/arduinobot_msgs__rosidl_typesupport_cppExport.cmake
[3.539s] -- Installing: /home/fadri/code/ros2/arduino-bot/arduinobot_ws/src/install/arduinobot_msgs/share/arduinobot_msgs/cmake/arduinobot_msgs__rosidl_typesupport_cppExport-noconfig.cmake
[3.540s] -- Installing: /home/fadri/code/ros2/arduino-bot/arduinobot_ws/src/install/arduinobot_msgs/share/arduinobot_msgs/cmake/export_arduinobot_msgs__rosidl_generator_pyExport.cmake
[3.540s] -- Installing: /home/fadri/code/ros2/arduino-bot/arduinobot_ws/src/install/arduinobot_msgs/share/arduinobot_msgs/cmake/export_arduinobot_msgs__rosidl_generator_pyExport-noconfig.cmake
[3.540s] -- Installing: /home/fadri/code/ros2/arduino-bot/arduinobot_ws/src/install/arduinobot_msgs/share/arduinobot_msgs/cmake/rosidl_cmake-extras.cmake
[3.540s] -- Installing: /home/fadri/code/ros2/arduino-bot/arduinobot_ws/src/install/arduinobot_msgs/share/arduinobot_msgs/cmake/ament_cmake_export_dependencies-extras.cmake
[3.540s] -- Installing: /home/fadri/code/ros2/arduino-bot/arduinobot_ws/src/install/arduinobot_msgs/share/arduinobot_msgs/cmake/ament_cmake_export_include_directories-extras.cmake
[3.540s] -- Installing: /home/fadri/code/ros2/arduino-bot/arduinobot_ws/src/install/arduinobot_msgs/share/arduinobot_msgs/cmake/ament_cmake_export_libraries-extras.cmake
[3.540s] -- Installing: /home/fadri/code/ros2/arduino-bot/arduinobot_ws/src/install/arduinobot_msgs/share/arduinobot_msgs/cmake/ament_cmake_export_targets-extras.cmake
[3.540s] -- Installing: /home/fadri/code/ros2/arduino-bot/arduinobot_ws/src/install/arduinobot_msgs/share/arduinobot_msgs/cmake/rosidl_cmake_export_typesupport_targets-extras.cmake
[3.540s] -- Installing: /home/fadri/code/ros2/arduino-bot/arduinobot_ws/src/install/arduinobot_msgs/share/arduinobot_msgs/cmake/rosidl_cmake_export_typesupport_libraries-extras.cmake
[3.541s] -- Installing: /home/fadri/code/ros2/arduino-bot/arduinobot_ws/src/install/arduinobot_msgs/share/arduinobot_msgs/cmake/arduinobot_msgsConfig.cmake
[3.541s] -- Installing: /home/fadri/code/ros2/arduino-bot/arduinobot_ws/src/install/arduinobot_msgs/share/arduinobot_msgs/cmake/arduinobot_msgsConfig-version.cmake
[3.541s] -- Installing: /home/fadri/code/ros2/arduino-bot/arduinobot_ws/src/install/arduinobot_msgs/share/arduinobot_msgs/package.xml
[3.541s] Invoked command in '/home/fadri/code/ros2/arduino-bot/arduinobot_ws/src/build/arduinobot_msgs' returned '0': CMAKE_PREFIX_PATH=/opt/ros/iron /usr/bin/cmake --install /home/fadri/code/ros2/arduino-bot/arduinobot_ws/src/build/arduinobot_msgs
